
================================================================================
COMPLETE SM NUTS-2 PREPROCESSING
================================================================================
Input:  C:\Github\SM\iDesignRES_transcompmodel\examples\moving_loads_SM\data\Trucktraffic_NUTS3
Output: C:\Github\SM\iDesignRES_transcompmodel\examples\moving_loads_SM\input_data
================================================================================
================================================================================
LOADING DATA
================================================================================
[OK] Truck traffic (before filtering): 1,514,573 rows
[OK] Network (before filtering): 1675 nodes, 2277 edges

Applying NUTS-2 aggregation filtering with spatial join...
  Loading NUTS shapefile: C:\Github\SM\iDesignRES_transcompmodel\examples\moving_loads_SM\data\NUTS_RG_20M_2021_4326.shp\NUTS_RG_20M_2021_4326.shp
  Loaded 2010 NUTS regions
  Filtering for NUTS codes: ['DE', 'DK', 'SE1', 'SE2', 'AT3', 'ITC', 'ITH', 'ITI', 'ITF', 'SE11', 'SE12', 'SE21', 'SE22', 'NO08', 'NO09', 'NO02', 'NO0A']
  Found 75 NUTS-2 regions matching filter
  Created GeoDataFrame with 1675 NUTS-3 zones
    NUTS_0: 440 NUTS-3 zones
    NUTS_1: 119 NUTS-3 zones
    NUTS_2: 26 NUTS-3 zones
  Total NUTS-3 zones after spatial filtering: 573
  Mapping NUTS-3 zones to NUTS-2 regions...
  Mapped 573 NUTS-3 zones to 75 NUTS-2 regions
  Edges filtered: 2,277 -> 835 (removed 1,442)
  Edge distance map: 835 edges
  Traffic rows: 1,514,573 -> 1,030,907 (removed 483,666)
    Internal routes (both inside): 244,719
    Entering routes (origin outside): 368,111
    Leaving routes (destination outside): 418,077

[OK] NUTS-2 FILTERING COMPLETE:
  NUTS-3 zones: 573
  NUTS-2 regions: 75
  Network nodes (after filtering): 573
  Network edges (after filtering): 835
  Truck traffic (after filtering): 1,030,907 rows

================================================================================
STEP 1: CREATING NUTS-2 GEOGRAPHIC ELEMENTS
================================================================================
  Found 75 unique NUTS-2 regions
  Aggregating from 573 network nodes
[OK] Created 75 NUTS-2 geographic elements
     Reduction: 573 nodes -> 75 NUTS-2 regions

================================================================================
STEP 2: BUILDING EDGE TOPOLOGY
================================================================================
[OK] Built edge topology: 122 inter-regional edges

================================================================================
STEP 3: CREATING PATHS WITH COLLAPSED NODES + ORIGINAL DISTANCES
================================================================================
WARNING: TEMPORARY - Local routes (origin == destination) are filtered out
         This prevents infeasibility from multi-node travel time constraints
================================================================================
  Valid traffic rows: 902,626
  Unique OD-pairs (before validation): 902,626
  Validating OD-pairs (checking if endpoints can be mapped to NUTS-2 nodes)...
  Valid OD-pairs (after validation): 897,611
  Filtered out 5,015 OD-pairs
    (includes unmappable endpoints AND local routes where origin == destination)
  Created 1000 OD-pairs...
  Created 2000 OD-pairs...
  Created 3000 OD-pairs...
  Created 4000 OD-pairs...
  Created 5000 OD-pairs...
  Created 6000 OD-pairs...
  Created 7000 OD-pairs...
  Created 8000 OD-pairs...
  Created 9000 OD-pairs...
  Created 10000 OD-pairs...
  Created 11000 OD-pairs...
  Created 12000 OD-pairs...
  Created 13000 OD-pairs...
  Created 14000 OD-pairs...
  Created 15000 OD-pairs...
  Created 16000 OD-pairs...
  Created 17000 OD-pairs...
  Created 18000 OD-pairs...
  Created 19000 OD-pairs...
  Created 20000 OD-pairs...
  Created 21000 OD-pairs...
  Created 22000 OD-pairs...
  Created 23000 OD-pairs...
  Created 24000 OD-pairs...
  Created 25000 OD-pairs...
  Created 26000 OD-pairs...
  Created 27000 OD-pairs...
  Created 28000 OD-pairs...
  Created 29000 OD-pairs...
  Created 30000 OD-pairs...
  Created 31000 OD-pairs...
  Created 32000 OD-pairs...
  Created 33000 OD-pairs...
  Created 34000 OD-pairs...
  Created 35000 OD-pairs...
  Created 36000 OD-pairs...
  Created 37000 OD-pairs...
  Created 38000 OD-pairs...
  Created 39000 OD-pairs...
  Created 40000 OD-pairs...
  Created 41000 OD-pairs...
  Created 42000 OD-pairs...
  Created 43000 OD-pairs...
  Created 44000 OD-pairs...
  Created 45000 OD-pairs...
  Created 46000 OD-pairs...
  Created 47000 OD-pairs...
  Created 48000 OD-pairs...
  Created 49000 OD-pairs...
  Created 50000 OD-pairs...
  Created 51000 OD-pairs...
  Created 52000 OD-pairs...
  Created 53000 OD-pairs...
  Created 54000 OD-pairs...
  Created 55000 OD-pairs...
  Created 56000 OD-pairs...
  Created 57000 OD-pairs...
  Created 58000 OD-pairs...
  Created 59000 OD-pairs...
  Created 60000 OD-pairs...
  Created 61000 OD-pairs...
  Created 62000 OD-pairs...
  Created 63000 OD-pairs...
  Created 64000 OD-pairs...
  Created 65000 OD-pairs...
  Created 66000 OD-pairs...
  Created 67000 OD-pairs...
  Created 68000 OD-pairs...
  Created 69000 OD-pairs...
  Created 70000 OD-pairs...
  Created 71000 OD-pairs...
  Created 72000 OD-pairs...
  Created 73000 OD-pairs...
  Created 74000 OD-pairs...
  Created 75000 OD-pairs...
  Created 76000 OD-pairs...
  Created 77000 OD-pairs...
  Created 78000 OD-pairs...
  Created 79000 OD-pairs...
  Created 80000 OD-pairs...
  Created 81000 OD-pairs...
  Created 82000 OD-pairs...
  Created 83000 OD-pairs...
  Created 84000 OD-pairs...
  Created 85000 OD-pairs...
  Created 86000 OD-pairs...
  Created 87000 OD-pairs...
  Created 88000 OD-pairs...
  Created 89000 OD-pairs...
  Created 90000 OD-pairs...
  Created 91000 OD-pairs...
  Created 92000 OD-pairs...
  Created 93000 OD-pairs...
  Created 94000 OD-pairs...
  Created 95000 OD-pairs...
  Created 96000 OD-pairs...
  Created 97000 OD-pairs...
  Created 98000 OD-pairs...
  Created 99000 OD-pairs...
  Created 100000 OD-pairs...
  Created 101000 OD-pairs...
  Created 102000 OD-pairs...
  Created 103000 OD-pairs...
  Created 104000 OD-pairs...
  Created 105000 OD-pairs...
  Created 106000 OD-pairs...
  Created 107000 OD-pairs...
  Created 108000 OD-pairs...
  Created 109000 OD-pairs...
  Created 110000 OD-pairs...
  Created 111000 OD-pairs...
  Created 112000 OD-pairs...
  Created 113000 OD-pairs...
  Created 114000 OD-pairs...
  Created 115000 OD-pairs...
  Created 116000 OD-pairs...
  Created 117000 OD-pairs...
  Created 118000 OD-pairs...
  Created 119000 OD-pairs...
  Created 120000 OD-pairs...
  Created 121000 OD-pairs...
  Created 122000 OD-pairs...
  Created 123000 OD-pairs...
  Created 124000 OD-pairs...
  Created 125000 OD-pairs...
  Created 126000 OD-pairs...
  Created 127000 OD-pairs...
  Created 128000 OD-pairs...
  Created 129000 OD-pairs...
  Created 130000 OD-pairs...
  Created 131000 OD-pairs...
  Created 132000 OD-pairs...
  Created 133000 OD-pairs...
  Created 134000 OD-pairs...
  Created 135000 OD-pairs...
  Created 136000 OD-pairs...
  Created 137000 OD-pairs...
  Created 138000 OD-pairs...
  Created 139000 OD-pairs...
  Created 140000 OD-pairs...
  Created 141000 OD-pairs...
  Created 142000 OD-pairs...
  Created 143000 OD-pairs...
  Created 144000 OD-pairs...
  Created 145000 OD-pairs...
  Created 146000 OD-pairs...
  Created 147000 OD-pairs...
  Created 148000 OD-pairs...
  Created 149000 OD-pairs...
  Created 150000 OD-pairs...
  Created 151000 OD-pairs...
  Created 152000 OD-pairs...
  Created 153000 OD-pairs...
  Created 154000 OD-pairs...
  Created 155000 OD-pairs...
  Created 156000 OD-pairs...
  Created 157000 OD-pairs...
  Created 158000 OD-pairs...
  Created 159000 OD-pairs...
  Created 160000 OD-pairs...
  Created 161000 OD-pairs...
  Created 162000 OD-pairs...
  Created 163000 OD-pairs...
  Created 164000 OD-pairs...
  Created 165000 OD-pairs...
  Created 166000 OD-pairs...
  Created 167000 OD-pairs...
  Created 168000 OD-pairs...
  Created 169000 OD-pairs...
  Created 170000 OD-pairs...
  Created 171000 OD-pairs...
  Created 172000 OD-pairs...
  Created 173000 OD-pairs...
  Created 174000 OD-pairs...
  Created 175000 OD-pairs...
  Created 176000 OD-pairs...
  Created 177000 OD-pairs...
  Created 178000 OD-pairs...
  Created 179000 OD-pairs...
  Created 180000 OD-pairs...
  Created 181000 OD-pairs...
  Created 182000 OD-pairs...
  Created 183000 OD-pairs...
  Created 184000 OD-pairs...
  Created 185000 OD-pairs...
  Created 186000 OD-pairs...
  Created 187000 OD-pairs...
  Created 188000 OD-pairs...
  Created 189000 OD-pairs...
  Created 190000 OD-pairs...
  Created 191000 OD-pairs...
  Created 192000 OD-pairs...
  Created 193000 OD-pairs...
  Created 194000 OD-pairs...
  Created 195000 OD-pairs...
  Created 196000 OD-pairs...
  Created 197000 OD-pairs...
  Created 198000 OD-pairs...
  Created 199000 OD-pairs...
  Created 200000 OD-pairs...
  Created 201000 OD-pairs...
  Created 202000 OD-pairs...
  Created 203000 OD-pairs...
  Created 204000 OD-pairs...
  Created 205000 OD-pairs...
  Created 206000 OD-pairs...
  Created 207000 OD-pairs...
  Created 208000 OD-pairs...
  Created 209000 OD-pairs...
  Created 210000 OD-pairs...
  Created 211000 OD-pairs...
  Created 212000 OD-pairs...
  Created 213000 OD-pairs...
  Created 214000 OD-pairs...
  Created 215000 OD-pairs...
  Created 216000 OD-pairs...
  Created 217000 OD-pairs...
  Created 218000 OD-pairs...
  Created 219000 OD-pairs...
  Created 220000 OD-pairs...
  Created 221000 OD-pairs...
  Created 222000 OD-pairs...
  Created 223000 OD-pairs...
  Created 224000 OD-pairs...
  Created 225000 OD-pairs...
  Created 226000 OD-pairs...
  Created 228000 OD-pairs...
  Created 229000 OD-pairs...
  Created 230000 OD-pairs...
  Created 231000 OD-pairs...
  Created 232000 OD-pairs...
  Created 233000 OD-pairs...
  Created 234000 OD-pairs...
  Created 235000 OD-pairs...
  Created 236000 OD-pairs...
  Created 237000 OD-pairs...
  Created 238000 OD-pairs...
  Created 239000 OD-pairs...
  Created 240000 OD-pairs...
  Created 241000 OD-pairs...
  Created 242000 OD-pairs...
  Created 243000 OD-pairs...
  Created 244000 OD-pairs...
  Created 245000 OD-pairs...
  Created 246000 OD-pairs...
  Created 247000 OD-pairs...
  Created 248000 OD-pairs...
  Created 249000 OD-pairs...
  Created 250000 OD-pairs...
  Created 251000 OD-pairs...
  Created 252000 OD-pairs...
  Created 254000 OD-pairs...
  Created 255000 OD-pairs...
  Created 256000 OD-pairs...
  Created 257000 OD-pairs...
  Created 258000 OD-pairs...
  Created 259000 OD-pairs...
  Created 260000 OD-pairs...
  Created 261000 OD-pairs...
  Created 262000 OD-pairs...
  Created 263000 OD-pairs...
  Created 264000 OD-pairs...
  Created 265000 OD-pairs...
  Created 266000 OD-pairs...
  Created 267000 OD-pairs...
  Created 268000 OD-pairs...
  Created 269000 OD-pairs...
  Created 270000 OD-pairs...
  Created 271000 OD-pairs...
  Created 272000 OD-pairs...
  Created 273000 OD-pairs...
  Created 274000 OD-pairs...
  Created 275000 OD-pairs...
  Created 276000 OD-pairs...
  Created 277000 OD-pairs...
  Created 278000 OD-pairs...
  Created 279000 OD-pairs...
  Created 280000 OD-pairs...
  Created 281000 OD-pairs...
  Created 282000 OD-pairs...
  Created 283000 OD-pairs...
  Created 284000 OD-pairs...
  Created 285000 OD-pairs...
  Created 286000 OD-pairs...
  Created 287000 OD-pairs...
  Created 288000 OD-pairs...
  Created 289000 OD-pairs...
  Created 290000 OD-pairs...
  Created 291000 OD-pairs...
  Created 292000 OD-pairs...
  Created 293000 OD-pairs...
  Created 294000 OD-pairs...
  Created 295000 OD-pairs...
  Created 296000 OD-pairs...
  Created 297000 OD-pairs...
  Created 298000 OD-pairs...
  Created 299000 OD-pairs...
  Created 300000 OD-pairs...
  Created 301000 OD-pairs...
  Created 302000 OD-pairs...
  Created 303000 OD-pairs...
  Created 304000 OD-pairs...
  Created 305000 OD-pairs...
  Created 306000 OD-pairs...
  Created 307000 OD-pairs...
  Created 308000 OD-pairs...
  Created 309000 OD-pairs...
  Created 310000 OD-pairs...
  Created 311000 OD-pairs...
  Created 312000 OD-pairs...
  Created 313000 OD-pairs...
  Created 314000 OD-pairs...
  Created 315000 OD-pairs...
  Created 316000 OD-pairs...
  Created 317000 OD-pairs...
  Created 318000 OD-pairs...
  Created 319000 OD-pairs...
  Created 320000 OD-pairs...
  Created 321000 OD-pairs...
  Created 322000 OD-pairs...
  Created 324000 OD-pairs...
  Created 325000 OD-pairs...
  Created 326000 OD-pairs...
  Created 327000 OD-pairs...
  Created 328000 OD-pairs...
  Created 329000 OD-pairs...
  Created 330000 OD-pairs...
  Created 331000 OD-pairs...
  Created 332000 OD-pairs...
  Created 333000 OD-pairs...
  Created 334000 OD-pairs...
  Created 335000 OD-pairs...
  Created 336000 OD-pairs...
  Created 337000 OD-pairs...
  Created 338000 OD-pairs...
  Created 339000 OD-pairs...
  Created 340000 OD-pairs...
  Created 341000 OD-pairs...
  Created 342000 OD-pairs...
  Created 343000 OD-pairs...
  Created 344000 OD-pairs...
  Created 345000 OD-pairs...
  Created 346000 OD-pairs...
  Created 347000 OD-pairs...
  Created 348000 OD-pairs...
  Created 349000 OD-pairs...
  Created 350000 OD-pairs...
  Created 351000 OD-pairs...
  Created 352000 OD-pairs...
  Created 353000 OD-pairs...
  Created 354000 OD-pairs...
  Created 355000 OD-pairs...
  Created 356000 OD-pairs...
  Created 357000 OD-pairs...
  Created 358000 OD-pairs...
  Created 359000 OD-pairs...
  Created 360000 OD-pairs...
  Created 361000 OD-pairs...
  Created 362000 OD-pairs...
  Created 363000 OD-pairs...
  Created 364000 OD-pairs...
  Created 365000 OD-pairs...
  Created 366000 OD-pairs...
  Created 367000 OD-pairs...
  Created 368000 OD-pairs...
  Created 369000 OD-pairs...
  Created 370000 OD-pairs...
  Created 371000 OD-pairs...
  Created 372000 OD-pairs...
  Created 373000 OD-pairs...
  Created 374000 OD-pairs...
  Created 375000 OD-pairs...
  Created 376000 OD-pairs...
  Created 377000 OD-pairs...
  Created 378000 OD-pairs...
  Created 379000 OD-pairs...
  Created 380000 OD-pairs...
  Created 381000 OD-pairs...
  Created 382000 OD-pairs...
  Created 383000 OD-pairs...
  Created 384000 OD-pairs...
  Created 385000 OD-pairs...
  Created 386000 OD-pairs...
  Created 387000 OD-pairs...
  Created 388000 OD-pairs...
  Created 389000 OD-pairs...
  Created 390000 OD-pairs...
  Created 391000 OD-pairs...
  Created 392000 OD-pairs...
  Created 393000 OD-pairs...
  Created 394000 OD-pairs...
  Created 395000 OD-pairs...
  Created 396000 OD-pairs...
  Created 397000 OD-pairs...
  Created 398000 OD-pairs...
  Created 399000 OD-pairs...
  Created 400000 OD-pairs...
  Created 401000 OD-pairs...
  Created 402000 OD-pairs...
  Created 403000 OD-pairs...
  Created 404000 OD-pairs...
  Created 405000 OD-pairs...
  Created 406000 OD-pairs...
  Created 407000 OD-pairs...
  Created 408000 OD-pairs...
  Created 409000 OD-pairs...
  Created 410000 OD-pairs...
  Created 411000 OD-pairs...
  Created 412000 OD-pairs...
  Created 413000 OD-pairs...
  Created 414000 OD-pairs...
  Created 415000 OD-pairs...
  Created 416000 OD-pairs...
  Created 417000 OD-pairs...
  Created 418000 OD-pairs...
  Created 420000 OD-pairs...
  Created 421000 OD-pairs...
  Created 422000 OD-pairs...
  Created 423000 OD-pairs...
  Created 424000 OD-pairs...
  Created 425000 OD-pairs...
  Created 426000 OD-pairs...
  Created 427000 OD-pairs...
  Created 428000 OD-pairs...
  Created 429000 OD-pairs...
  Created 430000 OD-pairs...
  Created 431000 OD-pairs...
  Created 432000 OD-pairs...
  Created 433000 OD-pairs...
  Created 434000 OD-pairs...
  Created 435000 OD-pairs...
  Created 436000 OD-pairs...
  Created 437000 OD-pairs...
  Created 438000 OD-pairs...
  Created 439000 OD-pairs...
  Created 440000 OD-pairs...
  Created 441000 OD-pairs...
  Created 442000 OD-pairs...
  Created 443000 OD-pairs...
  Created 444000 OD-pairs...
  Created 445000 OD-pairs...
  Created 446000 OD-pairs...
  Created 447000 OD-pairs...
  Created 448000 OD-pairs...
  Created 449000 OD-pairs...
  Created 450000 OD-pairs...
  Created 451000 OD-pairs...
  Created 452000 OD-pairs...
  Created 453000 OD-pairs...
  Created 454000 OD-pairs...
  Created 455000 OD-pairs...
  Created 456000 OD-pairs...
  Created 457000 OD-pairs...
  Created 458000 OD-pairs...
  Created 459000 OD-pairs...
  Created 460000 OD-pairs...
  Created 461000 OD-pairs...
  Created 462000 OD-pairs...
  Created 463000 OD-pairs...
  Created 464000 OD-pairs...
  Created 465000 OD-pairs...
  Created 466000 OD-pairs...
  Created 467000 OD-pairs...
  Created 468000 OD-pairs...
  Created 469000 OD-pairs...
  Created 470000 OD-pairs...
  Created 471000 OD-pairs...
  Created 472000 OD-pairs...
  Created 473000 OD-pairs...
  Created 474000 OD-pairs...
  Created 475000 OD-pairs...
  Created 476000 OD-pairs...
  Created 477000 OD-pairs...
  Created 478000 OD-pairs...
  Created 479000 OD-pairs...
  Created 480000 OD-pairs...
  Created 481000 OD-pairs...
  Created 482000 OD-pairs...
  Created 483000 OD-pairs...
  Created 484000 OD-pairs...
  Created 485000 OD-pairs...
  Created 486000 OD-pairs...
  Created 487000 OD-pairs...
  Created 488000 OD-pairs...
  Created 489000 OD-pairs...
  Created 490000 OD-pairs...
  Created 491000 OD-pairs...
  Created 492000 OD-pairs...
  Created 493000 OD-pairs...
  Created 494000 OD-pairs...
  Created 495000 OD-pairs...
  Created 496000 OD-pairs...
  Created 497000 OD-pairs...
  Created 498000 OD-pairs...
  Created 499000 OD-pairs...
  Created 500000 OD-pairs...
  Created 501000 OD-pairs...
  Created 502000 OD-pairs...
  Created 503000 OD-pairs...
  Created 504000 OD-pairs...
  Created 505000 OD-pairs...
  Created 506000 OD-pairs...
  Created 507000 OD-pairs...
  Created 508000 OD-pairs...
  Created 509000 OD-pairs...
  Created 510000 OD-pairs...
  Created 511000 OD-pairs...
  Created 512000 OD-pairs...
  Created 513000 OD-pairs...
  Created 514000 OD-pairs...
  Created 515000 OD-pairs...
  Created 516000 OD-pairs...
  Created 517000 OD-pairs...
  Created 518000 OD-pairs...
  Created 519000 OD-pairs...
  Created 520000 OD-pairs...
  Created 521000 OD-pairs...
  Created 522000 OD-pairs...
  Created 523000 OD-pairs...
  Created 524000 OD-pairs...
  Created 525000 OD-pairs...
  Created 526000 OD-pairs...
  Created 527000 OD-pairs...
  Created 528000 OD-pairs...
  Created 529000 OD-pairs...
  Created 530000 OD-pairs...
  Created 531000 OD-pairs...
  Created 532000 OD-pairs...
  Created 533000 OD-pairs...
  Created 534000 OD-pairs...
  Created 535000 OD-pairs...
  Created 536000 OD-pairs...
  Created 537000 OD-pairs...
  Created 538000 OD-pairs...
  Created 539000 OD-pairs...
  Created 540000 OD-pairs...
  Created 541000 OD-pairs...
  Created 542000 OD-pairs...
  Created 543000 OD-pairs...
  Created 544000 OD-pairs...
  Created 545000 OD-pairs...
  Created 546000 OD-pairs...
  Created 547000 OD-pairs...
  Created 548000 OD-pairs...
  Created 549000 OD-pairs...
  Created 550000 OD-pairs...
  Created 551000 OD-pairs...
  Created 552000 OD-pairs...
  Created 553000 OD-pairs...
  Created 554000 OD-pairs...
  Created 555000 OD-pairs...
  Created 556000 OD-pairs...
  Created 557000 OD-pairs...
  Created 558000 OD-pairs...
  Created 559000 OD-pairs...
  Created 560000 OD-pairs...
  Created 561000 OD-pairs...
  Created 562000 OD-pairs...
  Created 563000 OD-pairs...
  Created 564000 OD-pairs...
  Created 565000 OD-pairs...
  Created 566000 OD-pairs...
  Created 567000 OD-pairs...
  Created 568000 OD-pairs...
  Created 569000 OD-pairs...
  Created 570000 OD-pairs...
  Created 571000 OD-pairs...
  Created 572000 OD-pairs...
  Created 573000 OD-pairs...
  Created 574000 OD-pairs...
  Created 575000 OD-pairs...
  Created 576000 OD-pairs...
  Created 577000 OD-pairs...
  Created 578000 OD-pairs...
  Created 579000 OD-pairs...
  Created 580000 OD-pairs...
  Created 581000 OD-pairs...
  Created 582000 OD-pairs...
  Created 583000 OD-pairs...
  Created 584000 OD-pairs...
  Created 585000 OD-pairs...
  Created 586000 OD-pairs...
  Created 587000 OD-pairs...
  Created 588000 OD-pairs...
  Created 589000 OD-pairs...
  Created 590000 OD-pairs...
  Created 591000 OD-pairs...
  Created 592000 OD-pairs...
  Created 593000 OD-pairs...
  Created 594000 OD-pairs...
  Created 595000 OD-pairs...
  Created 596000 OD-pairs...
  Created 597000 OD-pairs...
  Created 598000 OD-pairs...
  Created 599000 OD-pairs...
  Created 600000 OD-pairs...
  Created 601000 OD-pairs...
  Created 602000 OD-pairs...
  Created 603000 OD-pairs...
  Created 604000 OD-pairs...
  Created 605000 OD-pairs...
  Created 606000 OD-pairs...
  Created 607000 OD-pairs...
  Created 608000 OD-pairs...
  Created 609000 OD-pairs...
  Created 610000 OD-pairs...
  Created 611000 OD-pairs...
  Created 612000 OD-pairs...
  Created 613000 OD-pairs...
  Created 614000 OD-pairs...
  Created 615000 OD-pairs...
  Created 616000 OD-pairs...
  Created 617000 OD-pairs...
  Created 618000 OD-pairs...
  Created 619000 OD-pairs...
  Created 620000 OD-pairs...
  Created 621000 OD-pairs...
  Created 622000 OD-pairs...
  Created 623000 OD-pairs...
  Created 624000 OD-pairs...
  Created 625000 OD-pairs...
  Created 626000 OD-pairs...
  Created 627000 OD-pairs...
  Created 628000 OD-pairs...
  Created 629000 OD-pairs...
  Created 630000 OD-pairs...
  Created 631000 OD-pairs...
  Created 632000 OD-pairs...
  Created 633000 OD-pairs...
  Created 634000 OD-pairs...
  Created 635000 OD-pairs...
  Created 636000 OD-pairs...
  Created 637000 OD-pairs...
  Created 638000 OD-pairs...
  Created 639000 OD-pairs...
  Created 640000 OD-pairs...
  Created 641000 OD-pairs...
  Created 642000 OD-pairs...
  Created 643000 OD-pairs...
  Created 644000 OD-pairs...
  Created 645000 OD-pairs...
  Created 646000 OD-pairs...
  Created 647000 OD-pairs...
  Created 648000 OD-pairs...
  Created 649000 OD-pairs...
  Created 650000 OD-pairs...
  Created 651000 OD-pairs...
  Created 652000 OD-pairs...
  Created 653000 OD-pairs...
  Created 654000 OD-pairs...
  Created 655000 OD-pairs...
  Created 656000 OD-pairs...
  Created 657000 OD-pairs...
  Created 658000 OD-pairs...
  Created 659000 OD-pairs...
  Created 660000 OD-pairs...
  Created 661000 OD-pairs...
  Created 662000 OD-pairs...
  Created 663000 OD-pairs...
  Created 664000 OD-pairs...
  Created 665000 OD-pairs...
  Created 666000 OD-pairs...
  Created 667000 OD-pairs...
  Created 668000 OD-pairs...
  Created 669000 OD-pairs...
  Created 670000 OD-pairs...
  Created 671000 OD-pairs...
  Created 672000 OD-pairs...
  Created 673000 OD-pairs...
  Created 674000 OD-pairs...
  Created 675000 OD-pairs...
  Created 676000 OD-pairs...
  Created 677000 OD-pairs...
  Created 678000 OD-pairs...
  Created 679000 OD-pairs...
  Created 680000 OD-pairs...
  Created 681000 OD-pairs...
  Created 682000 OD-pairs...
  Created 683000 OD-pairs...
  Created 684000 OD-pairs...
  Created 685000 OD-pairs...
  Created 686000 OD-pairs...
  Created 687000 OD-pairs...
  Created 688000 OD-pairs...
  Created 689000 OD-pairs...
  Created 690000 OD-pairs...
  Created 691000 OD-pairs...
  Created 692000 OD-pairs...
  Created 693000 OD-pairs...
  Created 694000 OD-pairs...
  Created 695000 OD-pairs...
  Created 696000 OD-pairs...
  Created 697000 OD-pairs...
  Created 698000 OD-pairs...
  Created 699000 OD-pairs...
  Created 700000 OD-pairs...
  Created 701000 OD-pairs...
  Created 702000 OD-pairs...
  Created 703000 OD-pairs...
  Created 704000 OD-pairs...
  Created 705000 OD-pairs...
  Created 706000 OD-pairs...
  Created 707000 OD-pairs...
  Created 708000 OD-pairs...
  Created 709000 OD-pairs...
  Created 710000 OD-pairs...
  Created 711000 OD-pairs...
  Created 712000 OD-pairs...
  Created 713000 OD-pairs...
  Created 714000 OD-pairs...
  Created 715000 OD-pairs...
  Created 716000 OD-pairs...
  Created 717000 OD-pairs...
  Created 718000 OD-pairs...
  Created 719000 OD-pairs...
  Created 720000 OD-pairs...
  Created 721000 OD-pairs...
  Created 722000 OD-pairs...
  Created 723000 OD-pairs...
  Created 724000 OD-pairs...
  Created 725000 OD-pairs...
  Created 726000 OD-pairs...
  Created 727000 OD-pairs...
  Created 728000 OD-pairs...
  Created 729000 OD-pairs...
  Created 730000 OD-pairs...
  Created 731000 OD-pairs...
  Created 732000 OD-pairs...
  Created 733000 OD-pairs...
  Created 734000 OD-pairs...
  Created 735000 OD-pairs...
  Created 736000 OD-pairs...
  Created 737000 OD-pairs...
  Created 738000 OD-pairs...
  Created 739000 OD-pairs...
  Created 740000 OD-pairs...
  Created 741000 OD-pairs...
  Created 742000 OD-pairs...
  Created 743000 OD-pairs...
  Created 744000 OD-pairs...
  Created 745000 OD-pairs...
  Created 746000 OD-pairs...
  Created 747000 OD-pairs...
  Created 748000 OD-pairs...
  Created 749000 OD-pairs...
  Created 750000 OD-pairs...
  Created 751000 OD-pairs...
  Created 752000 OD-pairs...
  Created 753000 OD-pairs...
  Created 754000 OD-pairs...
  Created 755000 OD-pairs...
  Created 756000 OD-pairs...
  Created 757000 OD-pairs...
  Created 758000 OD-pairs...
  Created 759000 OD-pairs...
  Created 760000 OD-pairs...
  Created 761000 OD-pairs...
  Created 762000 OD-pairs...
  Created 763000 OD-pairs...
  Created 764000 OD-pairs...
  Created 765000 OD-pairs...
  Created 766000 OD-pairs...
  Created 767000 OD-pairs...
  Created 768000 OD-pairs...
  Created 769000 OD-pairs...
  Created 770000 OD-pairs...
  Created 771000 OD-pairs...
  Created 772000 OD-pairs...
  Created 773000 OD-pairs...
  Created 774000 OD-pairs...
  Created 775000 OD-pairs...
  Created 776000 OD-pairs...
  Created 777000 OD-pairs...
  Created 778000 OD-pairs...
  Created 779000 OD-pairs...
  Created 780000 OD-pairs...
  Created 781000 OD-pairs...
  Created 782000 OD-pairs...
  Created 783000 OD-pairs...
  Created 784000 OD-pairs...
  Created 785000 OD-pairs...
  Created 786000 OD-pairs...
  Created 787000 OD-pairs...
  Created 788000 OD-pairs...
  Created 789000 OD-pairs...
  Created 790000 OD-pairs...
  Created 791000 OD-pairs...
  Created 792000 OD-pairs...
  Created 793000 OD-pairs...
  Created 794000 OD-pairs...
  Created 795000 OD-pairs...
  Created 796000 OD-pairs...
  Created 797000 OD-pairs...
  Created 798000 OD-pairs...
  Created 799000 OD-pairs...
  Created 800000 OD-pairs...
  Created 801000 OD-pairs...
  Created 802000 OD-pairs...
  Created 803000 OD-pairs...
  Created 804000 OD-pairs...
  Created 805000 OD-pairs...
  Created 806000 OD-pairs...
  Created 807000 OD-pairs...
  Created 808000 OD-pairs...
  Created 809000 OD-pairs...
  Created 810000 OD-pairs...
  Created 811000 OD-pairs...
  Created 812000 OD-pairs...
  Created 813000 OD-pairs...
  Created 814000 OD-pairs...
  Created 815000 OD-pairs...
  Created 816000 OD-pairs...
  Created 817000 OD-pairs...
  Created 818000 OD-pairs...
  Created 819000 OD-pairs...
  Created 820000 OD-pairs...
  Created 821000 OD-pairs...
  Created 822000 OD-pairs...
  Created 823000 OD-pairs...
  Created 824000 OD-pairs...
  Created 825000 OD-pairs...
  Created 826000 OD-pairs...
  Created 827000 OD-pairs...
  Created 828000 OD-pairs...
  Created 829000 OD-pairs...
  Created 830000 OD-pairs...
  Created 831000 OD-pairs...
  Created 832000 OD-pairs...
  Created 833000 OD-pairs...
  Created 834000 OD-pairs...
  Created 835000 OD-pairs...
  Created 836000 OD-pairs...
  Created 837000 OD-pairs...
  Created 838000 OD-pairs...
  Created 839000 OD-pairs...
  Created 840000 OD-pairs...
  Created 841000 OD-pairs...
  Created 842000 OD-pairs...
  Created 843000 OD-pairs...
  Created 844000 OD-pairs...
  Created 845000 OD-pairs...
  Created 846000 OD-pairs...
  Created 847000 OD-pairs...
  Created 848000 OD-pairs...
  Created 849000 OD-pairs...
  Created 850000 OD-pairs...
  Created 851000 OD-pairs...
  Created 852000 OD-pairs...
  Created 853000 OD-pairs...
  Created 854000 OD-pairs...
  Created 855000 OD-pairs...
  Created 856000 OD-pairs...
  Created 857000 OD-pairs...
  Created 858000 OD-pairs...
  Created 859000 OD-pairs...
  Created 860000 OD-pairs...
  Created 861000 OD-pairs...
  Created 862000 OD-pairs...
  Created 863000 OD-pairs...
  Created 864000 OD-pairs...
  Created 865000 OD-pairs...
  Created 866000 OD-pairs...
  Created 867000 OD-pairs...
  Created 868000 OD-pairs...
  Created 869000 OD-pairs...
  Created 870000 OD-pairs...
  Created 871000 OD-pairs...
  Created 872000 OD-pairs...
  Created 873000 OD-pairs...
  Created 874000 OD-pairs...
  Created 875000 OD-pairs...
  Created 876000 OD-pairs...
  Created 877000 OD-pairs...
  Created 878000 OD-pairs...
  Created 879000 OD-pairs...
  Created 880000 OD-pairs...
  Created 881000 OD-pairs...
  Created 882000 OD-pairs...
  Created 883000 OD-pairs...
  Created 884000 OD-pairs...
  Created 885000 OD-pairs...
  Created 886000 OD-pairs...
  Created 887000 OD-pairs...
  Created 888000 OD-pairs...
  Created 889000 OD-pairs...
  Created 890000 OD-pairs...
  Created 891000 OD-pairs...
  Created 892000 OD-pairs...
  Created 893000 OD-pairs...
  Created 894000 OD-pairs...
  Created 895000 OD-pairs...
  Created 896000 OD-pairs...
  Created 897000 OD-pairs...
  Created 898000 OD-pairs...
  Created 899000 OD-pairs...
  Created 900000 OD-pairs...
  Created 901000 OD-pairs...
  Created 902000 OD-pairs...

[SUCCESS] Created 897611 OD-pairs and 897611 paths
  Average nodes per path: 1.45
  Average path length: 733.2 km

================================================================================
SCALING TRANSPORT DEMAND (F)
================================================================================
Reference points: 2015=798,470, 2024=932,283
Annual change: 14,868.11 per year
Base year (2030) demand: 1,021,492
Scaling range: 0.8544 (2020) to 1.4367 (2060)
Original total demand (constant, base year): 299,996,106
Scaled total demand (2020): 256,330,792
Scaled total demand (2060): 430,992,048

================================================================================
AGGREGATING OD-PAIRS BY NUTS-2 REGIONS
================================================================================
  OD-pairs before aggregation: 897611
  Unique NUTS-2 OD-pairs: 5329
[OK] Aggregated to 5329 OD-pairs
     Vehicle stock entries: 26645
     Reduction: 5329 individual routes -> 5329 aggregated

================================================================================
STEP 4: CREATING MANDATORY BREAKS
================================================================================
[OK] Created 4448 mandatory break points
     Average breaks per path: 0.83

================================================================================
STEP 5: SAVING RESULTS
================================================================================
[OK] Saved GeographicElement.yaml (75 entries)
[OK] Saved Path.yaml (5329 entries)
[OK] Saved Odpair.yaml (5329 entries)
[OK] Saved InitialVehicleStock.yaml (26645 entries)
[OK] Saved MandatoryBreaks.yaml (4448 entries)

[SUCCESS] All files saved to: C:\Github\SM\iDesignRES_transcompmodel\examples\moving_loads_SM\input_data

================================================================================
PREPROCESSING COMPLETE - SUMMARY
================================================================================
  Geographic elements (NUTS-2): 75
  OD-pairs (NOT aggregated):    5329
  Paths (collapsed nodes):      5329
  Initial vehicle stock:        26645
  Mandatory breaks:             4448
================================================================================

KEY FEATURES:
  [OK] NUTS-2 aggregated nodes (MAXIMUM capacity planning efficiency)
  [OK] Collapsed path sequences (minimal nodes in routes)
  [OK] Original traffic distances (accuracy preserved)
  [OK] Individual OD-pairs kept (demand detail preserved)
  [OK] Mandatory breaks calculated correctly
================================================================================

[SUCCESS] NUTS-2 preprocessing finished!
