  Activating project at `C:\Github\SM\iDesignRES_transcompmodel`
┌ Warning: Replacing docs for `Main.TransComp.Node :: Union{}` in module `Main.TransComp`
└ @ Base.Docs docs\Docs.jl:243
┌ Warning: Replacing docs for `Main.TransComp.Edge :: Union{}` in module `Main.TransComp`
└ @ Base.Docs docs\Docs.jl:243
┌ Warning: Replacing docs for `Main.TransComp.GeographicElement :: Union{}` in module `Main.TransComp`
└ @ Base.Docs docs\Docs.jl:243
┌ Warning: Replacing docs for `Main.TransComp.Mode :: Union{}` in module `Main.TransComp`
└ @ Base.Docs docs\Docs.jl:243
┌ Warning: Replacing docs for `Main.TransComp.Product :: Union{}` in module `Main.TransComp`
└ @ Base.Docs docs\Docs.jl:243
┌ Warning: Replacing docs for `Main.TransComp.Path :: Union{}` in module `Main.TransComp`
└ @ Base.Docs docs\Docs.jl:243
┌ Warning: Replacing docs for `Main.TransComp.MandatoryBreak :: Union{}` in module `Main.TransComp`
└ @ Base.Docs docs\Docs.jl:243
┌ Warning: Replacing docs for `Main.TransComp.Fuel :: Union{}` in module `Main.TransComp`
└ @ Base.Docs docs\Docs.jl:243
┌ Warning: Replacing docs for `Main.TransComp.Technology :: Union{}` in module `Main.TransComp`
└ @ Base.Docs docs\Docs.jl:243
┌ Warning: Replacing docs for `Main.TransComp.FuelingInfrTypes :: Union{}` in module `Main.TransComp`
└ @ Base.Docs docs\Docs.jl:243
┌ Warning: Replacing docs for `Main.TransComp.FuelCost :: Union{}` in module `Main.TransComp`
└ @ Base.Docs docs\Docs.jl:243
┌ Warning: Replacing docs for `Main.TransComp.NetworkConnectionCosts :: Union{}` in module `Main.TransComp`
└ @ Base.Docs docs\Docs.jl:243
┌ Warning: Replacing docs for `Main.TransComp.Vehicletype :: Union{}` in module `Main.TransComp`
└ @ Base.Docs docs\Docs.jl:243
┌ Warning: Replacing docs for `Main.TransComp.TechVehicle :: Union{}` in module `Main.TransComp`
└ @ Base.Docs docs\Docs.jl:243
┌ Warning: Replacing docs for `Main.TransComp.SupplyType :: Union{}` in module `Main.TransComp`
└ @ Base.Docs docs\Docs.jl:243
┌ Warning: Replacing docs for `Main.TransComp.InitialVehicleStock :: Union{}` in module `Main.TransComp`
└ @ Base.Docs docs\Docs.jl:243
┌ Warning: Replacing docs for `Main.TransComp.FuelingInfrastructureExpansion :: Union{}` in module `Main.TransComp`
└ @ Base.Docs docs\Docs.jl:243
┌ Warning: Replacing docs for `Main.TransComp.InitialModeInfr :: Union{}` in module `Main.TransComp`
└ @ Base.Docs docs\Docs.jl:243
┌ Warning: Replacing docs for `Main.TransComp.InitialSupplyInfr :: Union{}` in module `Main.TransComp`
└ @ Base.Docs docs\Docs.jl:243
┌ Warning: Replacing docs for `Main.TransComp.InitDetourTime :: Union{}` in module `Main.TransComp`
└ @ Base.Docs docs\Docs.jl:243
┌ Warning: Replacing docs for `Main.TransComp.FinancialStatus :: Union{}` in module `Main.TransComp`
└ @ Base.Docs docs\Docs.jl:243
┌ Warning: Replacing docs for `Main.TransComp.InitialFuelingInfr :: Union{}` in module `Main.TransComp`
└ @ Base.Docs docs\Docs.jl:243
┌ Warning: Replacing docs for `Main.TransComp.Regiontype :: Union{}` in module `Main.TransComp`
└ @ Base.Docs docs\Docs.jl:243
┌ Warning: Replacing docs for `Main.TransComp.Odpair :: Union{}` in module `Main.TransComp`
└ @ Base.Docs docs\Docs.jl:243
┌ Warning: Replacing docs for `Main.TransComp.TripRatio :: Union{}` in module `Main.TransComp`
└ @ Base.Docs docs\Docs.jl:243
┌ Warning: Replacing docs for `Main.TransComp.Mode_share_max_by_year :: Union{}` in module `Main.TransComp`
└ @ Base.Docs docs\Docs.jl:243
┌ Warning: Replacing docs for `Main.TransComp.Mode_share_min_by_year :: Union{}` in module `Main.TransComp`
└ @ Base.Docs docs\Docs.jl:243
┌ Warning: Replacing docs for `Main.TransComp.Mode_share_max :: Union{}` in module `Main.TransComp`
└ @ Base.Docs docs\Docs.jl:243
┌ Warning: Replacing docs for `Main.TransComp.Mode_share_min :: Union{}` in module `Main.TransComp`
└ @ Base.Docs docs\Docs.jl:243
┌ Warning: Replacing docs for `Main.TransComp.Technology_share_max_by_year :: Union{}` in module `Main.TransComp`
└ @ Base.Docs docs\Docs.jl:243
┌ Warning: Replacing docs for `Main.TransComp.Technology_share_min_by_year :: Union{}` in module `Main.TransComp`
└ @ Base.Docs docs\Docs.jl:243
┌ Warning: Replacing docs for `Main.TransComp.Technology_share_max :: Union{}` in module `Main.TransComp`
└ @ Base.Docs docs\Docs.jl:243
┌ Warning: Replacing docs for `Main.TransComp.Technology_share_min :: Union{}` in module `Main.TransComp`
└ @ Base.Docs docs\Docs.jl:243
┌ Warning: Replacing docs for `Main.TransComp.VehicleType_share_max_by_year :: Union{}` in module `Main.TransComp`
└ @ Base.Docs docs\Docs.jl:243
┌ Warning: Replacing docs for `Main.TransComp.VehicleType_share_min_by_year :: Union{}` in module `Main.TransComp`
└ @ Base.Docs docs\Docs.jl:243
┌ Warning: Replacing docs for `Main.TransComp.VehicleType_share_max :: Union{}` in module `Main.TransComp`
└ @ Base.Docs docs\Docs.jl:243
┌ Warning: Replacing docs for `Main.TransComp.VehicleType_share_min :: Union{}` in module `Main.TransComp`
└ @ Base.Docs docs\Docs.jl:243
┌ Warning: Replacing docs for `Main.TransComp.TechVehicle_share_max_by_year :: Union{}` in module `Main.TransComp`
└ @ Base.Docs docs\Docs.jl:243
┌ Warning: Replacing docs for `Main.TransComp.TechVehicle_share_min_by_year :: Union{}` in module `Main.TransComp`
└ @ Base.Docs docs\Docs.jl:243
┌ Warning: Replacing docs for `Main.TransComp.TechVehicle_share_max :: Union{}` in module `Main.TransComp`
└ @ Base.Docs docs\Docs.jl:243
┌ Warning: Replacing docs for `Main.TransComp.TechVehicle_share_min :: Union{}` in module `Main.TransComp`
└ @ Base.Docs docs\Docs.jl:243
┌ Warning: Replacing docs for `Main.TransComp.Emission_constraints_by_mode :: Union{}` in module `Main.TransComp`
└ @ Base.Docs docs\Docs.jl:243
┌ Warning: Replacing docs for `Main.TransComp.Emission_constraints_by_year :: Union{}` in module `Main.TransComp`
└ @ Base.Docs docs\Docs.jl:243
┌ Warning: Replacing docs for `Main.TransComp.Transportation_speeds :: Union{}` in module `Main.TransComp`
└ @ Base.Docs docs\Docs.jl:243
┌ Warning: Replacing docs for `Main.TransComp.VehicleSubsidy :: Union{}` in module `Main.TransComp`
└ @ Base.Docs docs\Docs.jl:243
┌ Warning: Replacing docs for `Main.TransComp.SpatialFlexibilityEdges :: Union{}` in module `Main.TransComp`
└ @ Base.Docs docs\Docs.jl:243
┌ Warning: Replacing docs for `Main.TransComp.MandatoryBreaks :: Union{}` in module `Main.TransComp`
└ @ Base.Docs docs\Docs.jl:243
┌ Warning: Replacing docs for `Main.TransComp.check_input_file :: Tuple{String}` in module `Main.TransComp`
└ @ Base.Docs docs\Docs.jl:243
┌ Warning: Replacing docs for `Main.TransComp.check_required_keys :: Tuple{Dict, Vector{String}}` in module `Main.TransComp`
└ @ Base.Docs docs\Docs.jl:243
┌ Warning: Replacing docs for `Main.TransComp.check_model_parametrization :: Tuple{Dict, Vector{String}}` in module `Main.TransComp`
└ @ Base.Docs docs\Docs.jl:243
┌ Warning: Replacing docs for `Main.TransComp.check_required_sub_keys :: Tuple{Dict, Vector{String}, String}` in module `Main.TransComp`
└ @ Base.Docs docs\Docs.jl:243
┌ Warning: Replacing docs for `Main.TransComp.check_folder_writable :: Tuple{String}` in module `Main.TransComp`
└ @ Base.Docs docs\Docs.jl:243
┌ Warning: Replacing docs for `Main.TransComp.check_uniquness_of_ids :: Tuple{Dict, Any}` in module `Main.TransComp`
└ @ Base.Docs docs\Docs.jl:243
┌ Warning: Replacing docs for `Main.TransComp.check_correct_formats_GeographicElement :: Tuple{Dict, Any}` in module `Main.TransComp`
└ @ Base.Docs docs\Docs.jl:243
┌ Warning: Replacing docs for `Main.TransComp.check_correct_formats_FinancialStatus :: Tuple{Dict}` in module `Main.TransComp`
└ @ Base.Docs docs\Docs.jl:243
┌ Warning: Replacing docs for `Main.TransComp.check_correct_format_Mode :: Tuple{Dict, Any}` in module `Main.TransComp`
└ @ Base.Docs docs\Docs.jl:243
┌ Warning: Replacing docs for `Main.TransComp.check_correct_format_Product :: Tuple{Dict}` in module `Main.TransComp`
└ @ Base.Docs docs\Docs.jl:243
┌ Warning: Replacing docs for `Main.TransComp.check_correct_format_Path :: Tuple{Dict}` in module `Main.TransComp`
└ @ Base.Docs docs\Docs.jl:243
┌ Warning: Replacing docs for `Main.TransComp.check_correct_format_Fuel :: Tuple{Dict, Int64}` in module `Main.TransComp`
└ @ Base.Docs docs\Docs.jl:243
┌ Warning: Replacing docs for `Main.TransComp.check_correct_format_Technology :: Tuple{Dict}` in module `Main.TransComp`
└ @ Base.Docs docs\Docs.jl:243
┌ Warning: Replacing docs for `Main.TransComp.check_correct_format_InitialModeInfr :: Tuple{Dict}` in module `Main.TransComp`
└ @ Base.Docs docs\Docs.jl:243
┌ Warning: Replacing docs for `Main.TransComp.check_correct_format_Odpair :: Tuple{Dict, Int64}` in module `Main.TransComp`
└ @ Base.Docs docs\Docs.jl:243
┌ Warning: Replacing docs for `Main.TransComp.check_correct_format_Speed :: Tuple{Dict}` in module `Main.TransComp`
└ @ Base.Docs docs\Docs.jl:243
┌ Warning: Replacing docs for `Main.TransComp.validate_mandatory_breaks :: Tuple{Any, Dict}` in module `Main.TransComp`
└ @ Base.Docs docs\Docs.jl:243
┌ Error: curl_easy_setopt: 4
└ @ Downloads.Curl C:\Users\golab\AppData\Local\Programs\Julia-1.11.3\share\julia\stdlib\v1.11\Downloads\src\Curl\utils.jl:50
   Resolving package versions...
      Compat entries added for 
  No Changes to `C:\Github\SM\iDesignRES_transcompmodel\Project.toml`
  No Changes to `C:\Github\SM\iDesignRES_transcompmodel\Manifest.toml`
Precompiling project...
   3452.3 ms  ? TransComp
Constructed file path: C:\Github\SM\iDesignRES_transcompmodel\examples\moving_loads_SM\input_data\case_20251029_154754
[ Info: C:\Github\SM\iDesignRES_transcompmodel\examples\moving_loads_SM\input_data\case_20251029_154754
[ Info: ================================================================================
[ Info: Starting model run at 2025-10-29 16:50:46
[ Info: ================================================================================
[ Info: Step 1/5: Reading input data...
[ Info: Reading input data from directory: C:\Github\SM\iDesignRES_transcompmodel\examples\moving_loads_SM\input_data\case_20251029_154754
[ Info:   Loaded Model.yaml
[ Info:   Loaded TechVehicle.yaml
[ Info:   Loaded GeographicElement.yaml
[ Info:   Loaded FinancialStatus.yaml
[ Info:   Loaded Vehicletype.yaml
[ Info:   Loaded Mode.yaml
[ Info:   Loaded Technology.yaml
[ Info:   Loaded Speed.yaml
[ Info:   Loaded Regiontype.yaml
[ Info:   Loaded InitialModeInfr.yaml
[ Info:   Loaded InitialFuelInfr.yaml
[ Info:   Loaded Odpair.yaml
[ Info:   Loaded Path.yaml
[ Info:   Loaded Fuel.yaml
[ Info:   Loaded FuelCost.yaml
[ Info:   Loaded FuelingInfrTypes.yaml
[ Info:   Loaded InitialVehicleStock.yaml
[ Info:   Loaded NetworkConnectionCosts.yaml
[ Info:   Loaded Product.yaml
[ Info:   Loaded SpatialFlexibilityEdges.yaml
[ Info:   Loaded MandatoryBreaks.yaml
[ Info: ✓ Input data loaded in 6.37 seconds
[ Info: Step 2/5: Parsing data structures...
[ Info: Network connection costs data loaded: 75 entries
[ Info: Mandatory breaks data loaded: 9560 breaks defined
[ Info: Creating vehicle stock lookup dictionary (14640 entries)...
[ Info: ✓ Vehicle stock lookup dictionary created
Number of Odpairs: 2928
[ Info: Building lookup dictionaries for fast O(1) access...
[ Info: ✓ Lookup dictionaries created for 75 geo elements, 2928 paths, 1 modes, 2 technologies, 2 fuels
[ Info: Pre-age sell parameter set to: false
[ Info: Temporal resolution settings:
[ Info:   time_step: 2 year(s)
[ Info:   Modeled years: 21 years from 2020 to 2060
[ Info:   Modeled generations: 26 generations from 2010 to 2060
[ Info:   Investment years: 11 years: [2020, 2024, 2028, 2032, 2036, 2040, 2044, 2048, 2052, 2056, 2060]
[ Info: ✓ Lookup dictionaries added to data_structures for model-wide O(1) access
[ Info: ✓ Data parsed in 4.64 seconds
[ Info: Step 3/5: Creating optimization model...
[ Info: Memory before model creation: 33.24 GB free
Set parameter Username
Set parameter LicenseID to value 2620283
Academic license - for non-commercial use only - expires 2026-02-10
[ Info: Creating variables. Mode: SELECTIVE: f, h, h_plus, h_exist, h_minus, s, q_fuel_infr_plus, soc, travel_time, extra_break_time
[ Info:   Creating vehicle stock variables (h, h_exist, h_plus, h_minus)
[ Info:   Creating fuel infrastructure variables (q_fuel_infr_plus) - complex mode
[ Info:   Creating energy consumption variables (s) - complex mode
[ Info:   Creating state of charge variables (soc) with generation filtering (g <= y)
[ Info:   Creating travel time variables (travel_time) with generation filtering (g <= y)
[ Info:   Creating extra break time slack variables (extra_break_time) with generation filtering (g <= y)
[ Info:   Creating flow/transport variables (f)
[ Info: Variable creation complete!
[ Info: ✓ Model created in 232.52 seconds
[ Info: Memory after model creation: 22.67 GB free
[ Info: Number of variables: 51136383
[ Info: Variable breakdown by name:
[ Info:   f: 1967616 variables
[ Info:   h_exist: 1967616 variables
[ Info:   s: 20386548 variables
[ Info:   q_fuel_infr_plus: 2475 variables
[ Info:   travel_time: 4181856 variables
[ Info:   h: 1967616 variables
[ Info:   h_plus: 1967616 variables
[ Info:   h_minus: 1967616 variables
[ Info:   extra_break_time: 12545568 variables
[ Info:   soc: 4181856 variables
[ Info: Step 3.5/5: Configuring solver parameters for memory efficiency...
Set parameter NodefileStart to value 0.5
Set parameter NodefileDir to value "."
Set parameter Presolve to value 2
Set parameter MIPFocus to value 1
Set parameter Cuts to value 1
Set parameter MIPGap to value 0.01
Set parameter TimeLimit to value 7200
Set parameter Threads to value 4
[ Info: ✓ Solver configured for memory-efficient solving (disk-based nodes, 30GB limit, 4 threads)
[ Info: ✓ Vehicle stock shift constraint added in 247.92 seconds
[ Info: Memory before constraints: 23.29 GB free
[ Info: Adding mandatory breaks constraints for 9560 breaks on 2928 paths...
[ Info: ✓ Mandatory breaks constraint added: 6424320 constraints created
[ Info: ✓ Mandatory breaks constraint added in 43.34 seconds
[ Info:   Memory after: 24.41 GB free
[ Info: Step 4.3/5: Adding fueling infrastructure constraints...
[ Info: ✓ Fueling demand constraint added in 95.37 seconds
[2020, 2024, 2028, 2032, 2036, 2040, 2044, 2048, 2052, 2056, 2060]
[ Info: Pre-building p_r_k_g_by_geo dictionary for efficient filtering...
[ Info: ✓ Pre-filtering complete: 75 geo elements indexed
[ Info: ✓ Fueling infrastructure constraint added in 13.95 seconds
[ Info: ✓ Fueling infrastructure expansion shift constraint added in 0.77 seconds
[ Info: Step 4.4/5: Adding SOC constraints...
[ Info: ✓ State of charge tracking constraints added in 54.7 seconds
[ Info:   Memory after: 21.63 GB free
[ Info: ✓ State of charge max constraints added in 26.42 seconds
[ Info: ✓ Travel time tracking constraint added in 45.98 seconds
[ Info: Step 4.1/5: Adding core demand coverage constraint...
[ Info: Constraint for demand coverage created successfully
[ Info: ✓ Demand coverage constraint added in 2.04 seconds
[ Info:   Memory after: 20.12 GB free
[ Info: Step 4.2/5: Adding vehicle fleet constraints...
[ Info: Constraint for vehicle stock sizing created successfully
[ Info: ✓ Vehicle sizing constraint added in 34.83 seconds
