  Activating project at `C:\Github\SM\iDesignRES_transcompmodel`
┌ Warning: Replacing docs for `Main.TransComp.Node :: Union{}` in module `Main.TransComp`
└ @ Base.Docs docs\Docs.jl:243
┌ Warning: Replacing docs for `Main.TransComp.Edge :: Union{}` in module `Main.TransComp`
└ @ Base.Docs docs\Docs.jl:243
┌ Warning: Replacing docs for `Main.TransComp.GeographicElement :: Union{}` in module `Main.TransComp`
└ @ Base.Docs docs\Docs.jl:243
┌ Warning: Replacing docs for `Main.TransComp.Mode :: Union{}` in module `Main.TransComp`
└ @ Base.Docs docs\Docs.jl:243
┌ Warning: Replacing docs for `Main.TransComp.Product :: Union{}` in module `Main.TransComp`
└ @ Base.Docs docs\Docs.jl:243
┌ Warning: Replacing docs for `Main.TransComp.Path :: Union{}` in module `Main.TransComp`
└ @ Base.Docs docs\Docs.jl:243
┌ Warning: Replacing docs for `Main.TransComp.MandatoryBreak :: Union{}` in module `Main.TransComp`
└ @ Base.Docs docs\Docs.jl:243
┌ Warning: Replacing docs for `Main.TransComp.Fuel :: Union{}` in module `Main.TransComp`
└ @ Base.Docs docs\Docs.jl:243
┌ Warning: Replacing docs for `Main.TransComp.Technology :: Union{}` in module `Main.TransComp`
└ @ Base.Docs docs\Docs.jl:243
┌ Warning: Replacing docs for `Main.TransComp.FuelingInfrTypes :: Union{}` in module `Main.TransComp`
└ @ Base.Docs docs\Docs.jl:243
┌ Warning: Replacing docs for `Main.TransComp.FuelCost :: Union{}` in module `Main.TransComp`
└ @ Base.Docs docs\Docs.jl:243
┌ Warning: Replacing docs for `Main.TransComp.NetworkConnectionCosts :: Union{}` in module `Main.TransComp`
└ @ Base.Docs docs\Docs.jl:243
┌ Warning: Replacing docs for `Main.TransComp.Vehicletype :: Union{}` in module `Main.TransComp`
└ @ Base.Docs docs\Docs.jl:243
┌ Warning: Replacing docs for `Main.TransComp.TechVehicle :: Union{}` in module `Main.TransComp`
└ @ Base.Docs docs\Docs.jl:243
┌ Warning: Replacing docs for `Main.TransComp.SupplyType :: Union{}` in module `Main.TransComp`
└ @ Base.Docs docs\Docs.jl:243
┌ Warning: Replacing docs for `Main.TransComp.InitialVehicleStock :: Union{}` in module `Main.TransComp`
└ @ Base.Docs docs\Docs.jl:243
┌ Warning: Replacing docs for `Main.TransComp.FuelingInfrastructureExpansion :: Union{}` in module `Main.TransComp`
└ @ Base.Docs docs\Docs.jl:243
┌ Warning: Replacing docs for `Main.TransComp.InitialModeInfr :: Union{}` in module `Main.TransComp`
└ @ Base.Docs docs\Docs.jl:243
┌ Warning: Replacing docs for `Main.TransComp.InitialSupplyInfr :: Union{}` in module `Main.TransComp`
└ @ Base.Docs docs\Docs.jl:243
┌ Warning: Replacing docs for `Main.TransComp.InitDetourTime :: Union{}` in module `Main.TransComp`
└ @ Base.Docs docs\Docs.jl:243
┌ Warning: Replacing docs for `Main.TransComp.FinancialStatus :: Union{}` in module `Main.TransComp`
└ @ Base.Docs docs\Docs.jl:243
┌ Warning: Replacing docs for `Main.TransComp.InitialFuelingInfr :: Union{}` in module `Main.TransComp`
└ @ Base.Docs docs\Docs.jl:243
┌ Warning: Replacing docs for `Main.TransComp.Regiontype :: Union{}` in module `Main.TransComp`
└ @ Base.Docs docs\Docs.jl:243
┌ Warning: Replacing docs for `Main.TransComp.Odpair :: Union{}` in module `Main.TransComp`
└ @ Base.Docs docs\Docs.jl:243
┌ Warning: Replacing docs for `Main.TransComp.TripRatio :: Union{}` in module `Main.TransComp`
└ @ Base.Docs docs\Docs.jl:243
┌ Warning: Replacing docs for `Main.TransComp.Mode_share_max_by_year :: Union{}` in module `Main.TransComp`
└ @ Base.Docs docs\Docs.jl:243
┌ Warning: Replacing docs for `Main.TransComp.Mode_share_min_by_year :: Union{}` in module `Main.TransComp`
└ @ Base.Docs docs\Docs.jl:243
┌ Warning: Replacing docs for `Main.TransComp.Mode_share_max :: Union{}` in module `Main.TransComp`
└ @ Base.Docs docs\Docs.jl:243
┌ Warning: Replacing docs for `Main.TransComp.Mode_share_min :: Union{}` in module `Main.TransComp`
└ @ Base.Docs docs\Docs.jl:243
┌ Warning: Replacing docs for `Main.TransComp.Technology_share_max_by_year :: Union{}` in module `Main.TransComp`
└ @ Base.Docs docs\Docs.jl:243
┌ Warning: Replacing docs for `Main.TransComp.Technology_share_min_by_year :: Union{}` in module `Main.TransComp`
└ @ Base.Docs docs\Docs.jl:243
┌ Warning: Replacing docs for `Main.TransComp.Technology_share_max :: Union{}` in module `Main.TransComp`
└ @ Base.Docs docs\Docs.jl:243
┌ Warning: Replacing docs for `Main.TransComp.Technology_share_min :: Union{}` in module `Main.TransComp`
└ @ Base.Docs docs\Docs.jl:243
┌ Warning: Replacing docs for `Main.TransComp.VehicleType_share_max_by_year :: Union{}` in module `Main.TransComp`
└ @ Base.Docs docs\Docs.jl:243
┌ Warning: Replacing docs for `Main.TransComp.VehicleType_share_min_by_year :: Union{}` in module `Main.TransComp`
└ @ Base.Docs docs\Docs.jl:243
┌ Warning: Replacing docs for `Main.TransComp.VehicleType_share_max :: Union{}` in module `Main.TransComp`
└ @ Base.Docs docs\Docs.jl:243
┌ Warning: Replacing docs for `Main.TransComp.VehicleType_share_min :: Union{}` in module `Main.TransComp`
└ @ Base.Docs docs\Docs.jl:243
┌ Warning: Replacing docs for `Main.TransComp.TechVehicle_share_max_by_year :: Union{}` in module `Main.TransComp`
└ @ Base.Docs docs\Docs.jl:243
┌ Warning: Replacing docs for `Main.TransComp.TechVehicle_share_min_by_year :: Union{}` in module `Main.TransComp`
└ @ Base.Docs docs\Docs.jl:243
┌ Warning: Replacing docs for `Main.TransComp.TechVehicle_share_max :: Union{}` in module `Main.TransComp`
└ @ Base.Docs docs\Docs.jl:243
┌ Warning: Replacing docs for `Main.TransComp.TechVehicle_share_min :: Union{}` in module `Main.TransComp`
└ @ Base.Docs docs\Docs.jl:243
┌ Warning: Replacing docs for `Main.TransComp.Emission_constraints_by_mode :: Union{}` in module `Main.TransComp`
└ @ Base.Docs docs\Docs.jl:243
┌ Warning: Replacing docs for `Main.TransComp.Emission_constraints_by_year :: Union{}` in module `Main.TransComp`
└ @ Base.Docs docs\Docs.jl:243
┌ Warning: Replacing docs for `Main.TransComp.Transportation_speeds :: Union{}` in module `Main.TransComp`
└ @ Base.Docs docs\Docs.jl:243
┌ Warning: Replacing docs for `Main.TransComp.VehicleSubsidy :: Union{}` in module `Main.TransComp`
└ @ Base.Docs docs\Docs.jl:243
┌ Warning: Replacing docs for `Main.TransComp.SpatialFlexibilityEdges :: Union{}` in module `Main.TransComp`
└ @ Base.Docs docs\Docs.jl:243
┌ Warning: Replacing docs for `Main.TransComp.MandatoryBreaks :: Union{}` in module `Main.TransComp`
└ @ Base.Docs docs\Docs.jl:243
┌ Warning: Replacing docs for `Main.TransComp.check_input_file :: Tuple{String}` in module `Main.TransComp`
└ @ Base.Docs docs\Docs.jl:243
┌ Warning: Replacing docs for `Main.TransComp.check_required_keys :: Tuple{Dict, Vector{String}}` in module `Main.TransComp`
└ @ Base.Docs docs\Docs.jl:243
┌ Warning: Replacing docs for `Main.TransComp.check_model_parametrization :: Tuple{Dict, Vector{String}}` in module `Main.TransComp`
└ @ Base.Docs docs\Docs.jl:243
┌ Warning: Replacing docs for `Main.TransComp.check_required_sub_keys :: Tuple{Dict, Vector{String}, String}` in module `Main.TransComp`
└ @ Base.Docs docs\Docs.jl:243
┌ Warning: Replacing docs for `Main.TransComp.check_folder_writable :: Tuple{String}` in module `Main.TransComp`
└ @ Base.Docs docs\Docs.jl:243
┌ Warning: Replacing docs for `Main.TransComp.check_uniquness_of_ids :: Tuple{Dict, Any}` in module `Main.TransComp`
└ @ Base.Docs docs\Docs.jl:243
┌ Warning: Replacing docs for `Main.TransComp.check_correct_formats_GeographicElement :: Tuple{Dict, Any}` in module `Main.TransComp`
└ @ Base.Docs docs\Docs.jl:243
┌ Warning: Replacing docs for `Main.TransComp.check_correct_formats_FinancialStatus :: Tuple{Dict}` in module `Main.TransComp`
└ @ Base.Docs docs\Docs.jl:243
┌ Warning: Replacing docs for `Main.TransComp.check_correct_format_Mode :: Tuple{Dict, Any}` in module `Main.TransComp`
└ @ Base.Docs docs\Docs.jl:243
┌ Warning: Replacing docs for `Main.TransComp.check_correct_format_Product :: Tuple{Dict}` in module `Main.TransComp`
└ @ Base.Docs docs\Docs.jl:243
┌ Warning: Replacing docs for `Main.TransComp.check_correct_format_Path :: Tuple{Dict}` in module `Main.TransComp`
└ @ Base.Docs docs\Docs.jl:243
┌ Warning: Replacing docs for `Main.TransComp.check_correct_format_Fuel :: Tuple{Dict, Int64}` in module `Main.TransComp`
└ @ Base.Docs docs\Docs.jl:243
┌ Warning: Replacing docs for `Main.TransComp.check_correct_format_Technology :: Tuple{Dict}` in module `Main.TransComp`
└ @ Base.Docs docs\Docs.jl:243
┌ Warning: Replacing docs for `Main.TransComp.check_correct_format_InitialModeInfr :: Tuple{Dict}` in module `Main.TransComp`
└ @ Base.Docs docs\Docs.jl:243
┌ Warning: Replacing docs for `Main.TransComp.check_correct_format_Odpair :: Tuple{Dict, Int64}` in module `Main.TransComp`
└ @ Base.Docs docs\Docs.jl:243
┌ Warning: Replacing docs for `Main.TransComp.check_correct_format_Speed :: Tuple{Dict}` in module `Main.TransComp`
└ @ Base.Docs docs\Docs.jl:243
┌ Warning: Replacing docs for `Main.TransComp.validate_mandatory_breaks :: Tuple{Any, Dict}` in module `Main.TransComp`
└ @ Base.Docs docs\Docs.jl:243
┌ Error: curl_easy_setopt: 4
└ @ Downloads.Curl C:\Users\golab\AppData\Local\Programs\Julia-1.11.3\share\julia\stdlib\v1.11\Downloads\src\Curl\utils.jl:50
   Resolving package versions...
      Compat entries added for 
  No Changes to `C:\Github\SM\iDesignRES_transcompmodel\Project.toml`
  No Changes to `C:\Github\SM\iDesignRES_transcompmodel\Manifest.toml`
Precompiling project...
   3478.7 ms  ? TransComp
Constructed file path: C:\Github\SM\iDesignRES_transcompmodel\examples\moving_loads_SM\input_data\case_20251102_093733
[ Info: C:\Github\SM\iDesignRES_transcompmodel\examples\moving_loads_SM\input_data\case_20251102_093733
[ Info: ================================================================================
[ Info: Starting model run at 2025-11-02 11:34:54
[ Info: ================================================================================
[ Info: Step 1/5: Reading input data...
[ Info: Reading input data from directory: C:\Github\SM\iDesignRES_transcompmodel\examples\moving_loads_SM\input_data\case_20251102_093733
[ Info:   Loaded Model.yaml
[ Info:   Loaded TechVehicle.yaml
[ Info:   Loaded GeographicElement.yaml
[ Info:   Loaded FinancialStatus.yaml
[ Info:   Loaded Vehicletype.yaml
[ Info:   Loaded Mode.yaml
[ Info:   Loaded Technology.yaml
[ Info:   Loaded Speed.yaml
[ Info:   Loaded Regiontype.yaml
[ Info:   Loaded InitialModeInfr.yaml
[ Info:   Loaded InitialFuelInfr.yaml
[ Info:   Loaded Odpair.yaml
[ Info:   Loaded Path.yaml
[ Info:   Loaded Fuel.yaml
[ Info:   Loaded FuelCost.yaml
[ Info:   Loaded FuelingInfrTypes.yaml
[ Info:   Loaded InitialVehicleStock.yaml
[ Info:   Loaded NetworkConnectionCosts.yaml
[ Info:   Loaded Product.yaml
[ Info:   Loaded SpatialFlexibilityEdges.yaml
[ Info:   Loaded MandatoryBreaks.yaml
[ Info: ✓ Input data loaded in 5.93 seconds
[ Info: Step 2/5: Parsing data structures...
[ Info: Network connection costs data loaded: 75 entries
[ Info: Mandatory breaks data loaded: 9470 breaks defined
[ Info: Creating vehicle stock lookup dictionary (14265 entries)...
[ Info: ✓ Vehicle stock lookup dictionary created
Number of Odpairs: 20
[ Info: Building lookup dictionaries for fast O(1) access...
[ Info: ✓ Lookup dictionaries created for 75 geo elements, 2853 paths, 3 modes, 2 technologies, 2 fuels
[ Info: Pre-age sell parameter set to: false
[ Info: Temporal resolution settings:
[ Info:   time_step: 2 year(s)
[ Info:   Modeled years: 21 years from 2020 to 2060
[ Info:   Modeled generations: 26 generations from 2010 to 2060
[ Info:   Investment years: 11 years: [2020, 2024, 2028, 2032, 2036, 2040, 2044, 2048, 2052, 2056, 2060]
[ Info: ✓ Lookup dictionaries added to data_structures for model-wide O(1) access
[ Info: ✓ Data parsed in 4.93 seconds
[ Info: Step 3/5: Creating optimization model...
[ Info: Memory before model creation: 41.57 GB free
Set parameter Username
Set parameter LicenseID to value 2620283
Academic license - for non-commercial use only - expires 2026-02-10
[ Info: Creating variables. Mode: SELECTIVE: f, h, h_plus, h_exist, h_minus, s, q_fuel_infr_plus, soc, travel_time, extra_break_time
[ Info:   Creating vehicle stock variables (h, h_exist, h_plus, h_minus)
[ Info:   Creating fuel infrastructure variables (q_fuel_infr_plus) - complex mode
[ Info:   Creating energy consumption variables (s) - complex mode
[ Info:   Creating state of charge variables (soc) with generation filtering (g <= y)
[ Info:   Creating travel time variables (travel_time) with generation filtering (g <= y)
[ Info:   Creating extra break time slack variables (extra_break_time) with generation filtering (g <= y)
[ Info:   Creating flow/transport variables (f)
[ Info: Variable creation complete!
[ Info: ✓ Model created in 6.12 seconds
[ Info: Memory after model creation: 41.36 GB free
[ Info: Number of variables: 591987
[ Info: Variable breakdown by name:
[ Info:   f: 26880 variables
[ Info:   h_exist: 26880 variables
[ Info:   s: 281736 variables
[ Info:   q_fuel_infr_plus: 2475 variables
[ Info:   travel_time: 57792 variables
[ Info:   h: 26880 variables
[ Info:   h_plus: 26880 variables
[ Info:   h_minus: 26880 variables
[ Info:   extra_break_time: 57792 variables
[ Info:   soc: 57792 variables
[ Info: Step 3.5/5: Configuring solver parameters for memory efficiency...
Set parameter NodefileStart to value 0.5
Set parameter NodefileDir to value "."
Set parameter Presolve to value 2
Set parameter MIPFocus to value 1
Set parameter Cuts to value 1
Set parameter MIPGap to value 0.01
Set parameter Threads to value 4
[ Info: ✓ Solver configured for memory-efficient solving (disk-based nodes, 30GB limit, 4 threads)
[ Info: Memory before constraints: 41.36 GB free
[ Info: Adding mandatory breaks constraints for 9470 breaks on 2853 paths...
[ Info: ✓ Mandatory breaks constraint added: 28896 constraints created
[ Info: ✓ Mandatory breaks constraint added in 0.43 seconds
[ Info:   Memory after: 41.32 GB free
[ Info: Step 4.3/5: Adding fueling infrastructure constraints...
[ Info: ✓ Fueling demand constraint added in 1.23 seconds
[2020, 2024, 2028, 2032, 2036, 2040, 2044, 2048, 2052, 2056, 2060]
[ Info: Pre-building p_r_k_g_by_geo dictionary for efficient filtering...
[ Info: ✓ Pre-filtering complete: 75 geo elements indexed
[ Info: ✓ Fueling infrastructure constraint added in 1.04 seconds
[ Info: ✓ Fueling infrastructure expansion shift constraint added in 0.62 seconds
[ Info: Step 4.4/5: Adding SOC constraints...
[ Info: ✓ State of charge tracking constraints added in 0.48 seconds
[ Info:   Memory after: 41.38 GB free
[ Info: ✓ State of charge max constraints added in 0.67 seconds
[ Info: ✓ Travel time tracking constraint added in 0.5 seconds
[ Info: Step 4.1/5: Adding core demand coverage constraint...
[ Info: Constraint for demand coverage created successfully
[ Info: ✓ Demand coverage constraint added in 0.45 seconds
[ Info:   Memory after: 41.4 GB free
[ Info: Step 4.2/5: Adding vehicle fleet constraints...
[ Info: Constraint for vehicle stock sizing created successfully
[ Info: ✓ Vehicle sizing constraint added in 2.7 seconds
[ Info: Pre-age sell disabled: h_minus constrained to 0 for 4200 vehicle combinations before reaching lifetime
[ Info: ✓ Vehicle aging constraint added in 1.3 seconds
[ Info: ✓ Vehicle stock shift constraint added in 0.47 seconds
[ Info: Step 4.5/5: Adding objective...
[ Info:   Objective: Initializing data structures...
[ Info:   Defined decision variables: f, travel_time, h_plus, h, extra_break_time, s
[ Info:   Skipping variables: vot_dt, q_mode_infr_plus, budget_penalty_yearly_plus, q_supply_infr_plus, budget_penalty_yearly_minus, budget_penalty_minus, detour_time, n_fueling, budget_penalty_plus
[2020, 2024, 2028, 2032, 2036, 2040, 2044, 2048, 2052, 2056, 2060][ Info:     ✓ Data structures ready (0.15s)
[ Info:   Objective: Building cost expression (Y=41 years, R=20 odpairs, V=2 vehicles)...
[ Info:     Year 5/41: 0.5s elapsed, ~3.4s remaining
[ Info:       VoT_DT=0.0s | Penalties=0.0s | FuelEnergy=0.1s | VehCap=0.0s | VehMaint=0.0s | FuelTime=0.0s | Intangible=0.0s | Detour=0.0s | ModeInfr=0.0s | FuelInfr=0.0s | ExtraBreak=0.0s | TravelTime=0.1s
[ Info:     Year 10/41: 0.8s elapsed, ~2.3s remaining
[ Info:       VoT_DT=0.0s | Penalties=0.0s | FuelEnergy=0.1s | VehCap=0.0s | VehMaint=0.0s | FuelTime=0.0s | Intangible=0.0s | Detour=0.0s | ModeInfr=0.0s | FuelInfr=0.0s | ExtraBreak=0.0s | TravelTime=0.1s
[ Info:     Year 15/41: 1.2s elapsed, ~2.1s remaining
[ Info:       VoT_DT=0.0s | Penalties=0.0s | FuelEnergy=0.2s | VehCap=0.0s | VehMaint=0.0s | FuelTime=0.0s | Intangible=0.0s | Detour=0.0s | ModeInfr=0.0s | FuelInfr=0.0s | ExtraBreak=0.0s | TravelTime=0.1s
[ Info:     Year 20/41: 1.8s elapsed, ~1.9s remaining
[ Info:       VoT_DT=0.0s | Penalties=0.0s | FuelEnergy=0.3s | VehCap=0.0s | VehMaint=0.0s | FuelTime=0.0s | Intangible=0.0s | Detour=0.0s | ModeInfr=0.0s | FuelInfr=0.0s | ExtraBreak=0.0s | TravelTime=0.1s
[ Info:     ✓ Cost expression built (2.07s, 0.03 minutes)
[ Info:   Objective: Setting objective in JuMP model...
[ Info:     ✓ Objective set in JuMP (0.02s)
[ Info:   ✓ Total objective function time: 2.25s (0.04 minutes)
[ Info: ✓ Objective added in 3.28 seconds
[ Info: Step 5/5: Solving optimization problem...
Set parameter NodefileDir to value "."
Set parameter Cuts to value 1
Set parameter MIPGap to value 0.01
Set parameter MIPFocus to value 1
Set parameter Threads to value 4
Set parameter NodefileStart to value 0.5
Set parameter Presolve to value 2
Gurobi Optimizer version 12.0.3 build v12.0.3rc0 (win64 - Windows 11+.0 (26200.2))

CPU model: 13th Gen Intel(R) Core(TM) i7-1370P, instruction set [SSE2|AVX|AVX2]
Thread count: 14 physical cores, 20 logical processors, using up to 4 threads

Non-default parameters:
MIPGap  0.01
MIPFocus  1
NodefileStart  0.5
Cuts  1
Presolve  2
Threads  4

Optimize a model with 282939 rows, 591987 columns and 758847 nonzeros
Model fingerprint: 0xb0901cac
Coefficient statistics:
  Matrix range     [4e-02, 8e+05]
  Objective range  [4e+00, 3e+06]
  Bounds range     [0e+00, 0e+00]
  RHS range        [4e-02, 5e+05]
Presolve removed 274963 rows and 581658 columns
Presolve time: 0.30s
Presolved: 7976 rows, 10329 columns, 48443 nonzeros

Concurrent LP optimizer: dual simplex and barrier
Showing barrier log only...

Ordering time: 0.01s

Barrier performed 0 iterations in 0.33 seconds (0.46 work units)
Barrier solve interrupted - model solved by another algorithm


Solved with dual simplex
Iteration    Objective       Primal Inf.    Dual Inf.      Time
     312    4.2536241e+09   0.000000e+00   0.000000e+00      0s

Solved in 312 iterations and 0.47 seconds (0.56 work units)
Optimal objective  4.253624127e+09

User-callback calls 120, time in user-callback 0.00 sec
[ Info: ✓ Optimization complete in 1.57 seconds

================================================================================
RUNNING DIAGNOSTICS
================================================================================
┌ Warning: Assignment to `has_vehicle_flows` in soft scope is ambiguous because a global variable by the same name exists: `has_vehicle_flows` will be treated as a new local. Disambiguate by using `local has_vehicle_flows` to suppress this warning or `global has_vehicle_flows` to assign to the existing global variable.
└ @ C:\Github\SM\iDesignRES_transcompmodel\examples\moving_loads_SM\SM.jl:212
[ Info: ================================================================================
[ Info: TIMING SUMMARY:
[ Info:   Data loading:         5.93s
[ Info:   Data parsing:         4.93s
[ Info:   Model creation:       6.12s
[ Info:   Constraint setup:
[ Info:     - Demand coverage:  0.45s
[ Info:     - Vehicle fleet:    4.47s
[ Info:     - Fuel infra:       2.9s
[ Info:     - BEV constraints:  2.08s
[ Info:   Objective function:   3.28s
[ Info:   Optimization:         1.57s
[ Info:   TOTAL TIME:           31.73s (0.53 minutes)
[ Info: ================================================================================
[ Info: Saving results to file...
[ Info: Saving results for defined variables only...
[ Info:   Saving f (flow/transport) variable...
[ Info:   Saving s (energy consumption) variable...
[ Info:   Saving h (vehicle stock) variable...
[ Info:   Saving h_exist variable...
[ Info:   Saving h_plus variable...
[ Info:   Saving h_minus variable...
[ Info:   Saving q_fuel_infr_plus (fuel infrastructure) variable...
[ Info:     Using f_l_not_by_route set with 3 pairs
[ Info:     Saved 0 non-zero values out of 2475 total variables
[ Info:   Saving soc (state of charge) variable...
[ Info:   Saving travel_time variable...
[ Info:   Saving extra_break_time variable...
[ Info: f_dict.yaml written successfully
[ Info: h_dict.yaml written successfully
[ Info: h_exist_dict.yaml written successfully
[ Info: h_plus_dict.yaml written successfully
[ Info: h_minus_dict.yaml written successfully
[ Info: Writing constraint summary file...
[ Info: ✓ Constraint summary written to: C:\Github\SM\iDesignRES_transcompmodel\examples\moving_loads_SM\results\case_20251102_093733\case_20251102_093733_cs_2025-11-02_11-34-54_constraints_applied.txt
[ Info: ✓ Results saved successfully
