  Activating project at `C:\Github\SM\iDesignRES_transcompmodel`
┌ Warning: Replacing docs for `Main.TransComp.Node :: Union{}` in module `Main.TransComp`
└ @ Base.Docs docs\Docs.jl:243
┌ Warning: Replacing docs for `Main.TransComp.Edge :: Union{}` in module `Main.TransComp`
└ @ Base.Docs docs\Docs.jl:243
┌ Warning: Replacing docs for `Main.TransComp.GeographicElement :: Union{}` in module `Main.TransComp`
└ @ Base.Docs docs\Docs.jl:243
┌ Warning: Replacing docs for `Main.TransComp.Mode :: Union{}` in module `Main.TransComp`
└ @ Base.Docs docs\Docs.jl:243
┌ Warning: Replacing docs for `Main.TransComp.Product :: Union{}` in module `Main.TransComp`
└ @ Base.Docs docs\Docs.jl:243
┌ Warning: Replacing docs for `Main.TransComp.Path :: Union{}` in module `Main.TransComp`
└ @ Base.Docs docs\Docs.jl:243
┌ Warning: Replacing docs for `Main.TransComp.MandatoryBreak :: Union{}` in module `Main.TransComp`
└ @ Base.Docs docs\Docs.jl:243
┌ Warning: Replacing docs for `Main.TransComp.Fuel :: Union{}` in module `Main.TransComp`
└ @ Base.Docs docs\Docs.jl:243
┌ Warning: Replacing docs for `Main.TransComp.Technology :: Union{}` in module `Main.TransComp`
└ @ Base.Docs docs\Docs.jl:243
┌ Warning: Replacing docs for `Main.TransComp.FuelingInfrTypes :: Union{}` in module `Main.TransComp`
└ @ Base.Docs docs\Docs.jl:243
┌ Warning: Replacing docs for `Main.TransComp.FuelCost :: Union{}` in module `Main.TransComp`
└ @ Base.Docs docs\Docs.jl:243
┌ Warning: Replacing docs for `Main.TransComp.NetworkConnectionCosts :: Union{}` in module `Main.TransComp`
└ @ Base.Docs docs\Docs.jl:243
┌ Warning: Replacing docs for `Main.TransComp.Vehicletype :: Union{}` in module `Main.TransComp`
└ @ Base.Docs docs\Docs.jl:243
┌ Warning: Replacing docs for `Main.TransComp.TechVehicle :: Union{}` in module `Main.TransComp`
└ @ Base.Docs docs\Docs.jl:243
┌ Warning: Replacing docs for `Main.TransComp.SupplyType :: Union{}` in module `Main.TransComp`
└ @ Base.Docs docs\Docs.jl:243
┌ Warning: Replacing docs for `Main.TransComp.InitialVehicleStock :: Union{}` in module `Main.TransComp`
└ @ Base.Docs docs\Docs.jl:243
┌ Warning: Replacing docs for `Main.TransComp.FuelingInfrastructureExpansion :: Union{}` in module `Main.TransComp`
└ @ Base.Docs docs\Docs.jl:243
┌ Warning: Replacing docs for `Main.TransComp.InitialModeInfr :: Union{}` in module `Main.TransComp`
└ @ Base.Docs docs\Docs.jl:243
┌ Warning: Replacing docs for `Main.TransComp.InitialSupplyInfr :: Union{}` in module `Main.TransComp`
└ @ Base.Docs docs\Docs.jl:243
┌ Warning: Replacing docs for `Main.TransComp.InitDetourTime :: Union{}` in module `Main.TransComp`
└ @ Base.Docs docs\Docs.jl:243
┌ Warning: Replacing docs for `Main.TransComp.FinancialStatus :: Union{}` in module `Main.TransComp`
└ @ Base.Docs docs\Docs.jl:243
┌ Warning: Replacing docs for `Main.TransComp.InitialFuelingInfr :: Union{}` in module `Main.TransComp`
└ @ Base.Docs docs\Docs.jl:243
┌ Warning: Replacing docs for `Main.TransComp.Regiontype :: Union{}` in module `Main.TransComp`
└ @ Base.Docs docs\Docs.jl:243
┌ Warning: Replacing docs for `Main.TransComp.Odpair :: Union{}` in module `Main.TransComp`
└ @ Base.Docs docs\Docs.jl:243
┌ Warning: Replacing docs for `Main.TransComp.TripRatio :: Union{}` in module `Main.TransComp`
└ @ Base.Docs docs\Docs.jl:243
┌ Warning: Replacing docs for `Main.TransComp.Mode_share_max_by_year :: Union{}` in module `Main.TransComp`
└ @ Base.Docs docs\Docs.jl:243
┌ Warning: Replacing docs for `Main.TransComp.Mode_share_min_by_year :: Union{}` in module `Main.TransComp`
└ @ Base.Docs docs\Docs.jl:243
┌ Warning: Replacing docs for `Main.TransComp.Mode_share_max :: Union{}` in module `Main.TransComp`
└ @ Base.Docs docs\Docs.jl:243
┌ Warning: Replacing docs for `Main.TransComp.Mode_share_min :: Union{}` in module `Main.TransComp`
└ @ Base.Docs docs\Docs.jl:243
┌ Warning: Replacing docs for `Main.TransComp.Technology_share_max_by_year :: Union{}` in module `Main.TransComp`
└ @ Base.Docs docs\Docs.jl:243
┌ Warning: Replacing docs for `Main.TransComp.Technology_share_min_by_year :: Union{}` in module `Main.TransComp`
└ @ Base.Docs docs\Docs.jl:243
┌ Warning: Replacing docs for `Main.TransComp.Technology_share_max :: Union{}` in module `Main.TransComp`
└ @ Base.Docs docs\Docs.jl:243
┌ Warning: Replacing docs for `Main.TransComp.Technology_share_min :: Union{}` in module `Main.TransComp`
└ @ Base.Docs docs\Docs.jl:243
┌ Warning: Replacing docs for `Main.TransComp.VehicleType_share_max_by_year :: Union{}` in module `Main.TransComp`
└ @ Base.Docs docs\Docs.jl:243
┌ Warning: Replacing docs for `Main.TransComp.VehicleType_share_min_by_year :: Union{}` in module `Main.TransComp`
└ @ Base.Docs docs\Docs.jl:243
┌ Warning: Replacing docs for `Main.TransComp.VehicleType_share_max :: Union{}` in module `Main.TransComp`
└ @ Base.Docs docs\Docs.jl:243
┌ Warning: Replacing docs for `Main.TransComp.VehicleType_share_min :: Union{}` in module `Main.TransComp`
└ @ Base.Docs docs\Docs.jl:243
┌ Warning: Replacing docs for `Main.TransComp.TechVehicle_share_max_by_year :: Union{}` in module `Main.TransComp`
└ @ Base.Docs docs\Docs.jl:243
┌ Warning: Replacing docs for `Main.TransComp.TechVehicle_share_min_by_year :: Union{}` in module `Main.TransComp`
└ @ Base.Docs docs\Docs.jl:243
┌ Warning: Replacing docs for `Main.TransComp.TechVehicle_share_max :: Union{}` in module `Main.TransComp`
└ @ Base.Docs docs\Docs.jl:243
┌ Warning: Replacing docs for `Main.TransComp.TechVehicle_share_min :: Union{}` in module `Main.TransComp`
└ @ Base.Docs docs\Docs.jl:243
┌ Warning: Replacing docs for `Main.TransComp.Emission_constraints_by_mode :: Union{}` in module `Main.TransComp`
└ @ Base.Docs docs\Docs.jl:243
┌ Warning: Replacing docs for `Main.TransComp.Emission_constraints_by_year :: Union{}` in module `Main.TransComp`
└ @ Base.Docs docs\Docs.jl:243
┌ Warning: Replacing docs for `Main.TransComp.Transportation_speeds :: Union{}` in module `Main.TransComp`
└ @ Base.Docs docs\Docs.jl:243
┌ Warning: Replacing docs for `Main.TransComp.VehicleSubsidy :: Union{}` in module `Main.TransComp`
└ @ Base.Docs docs\Docs.jl:243
┌ Warning: Replacing docs for `Main.TransComp.SpatialFlexibilityEdges :: Union{}` in module `Main.TransComp`
└ @ Base.Docs docs\Docs.jl:243
┌ Warning: Replacing docs for `Main.TransComp.MandatoryBreaks :: Union{}` in module `Main.TransComp`
└ @ Base.Docs docs\Docs.jl:243
┌ Warning: Replacing docs for `Main.TransComp.check_input_file :: Tuple{String}` in module `Main.TransComp`
└ @ Base.Docs docs\Docs.jl:243
┌ Warning: Replacing docs for `Main.TransComp.check_required_keys :: Tuple{Dict, Vector{String}}` in module `Main.TransComp`
└ @ Base.Docs docs\Docs.jl:243
┌ Warning: Replacing docs for `Main.TransComp.check_model_parametrization :: Tuple{Dict, Vector{String}}` in module `Main.TransComp`
└ @ Base.Docs docs\Docs.jl:243
┌ Warning: Replacing docs for `Main.TransComp.check_required_sub_keys :: Tuple{Dict, Vector{String}, String}` in module `Main.TransComp`
└ @ Base.Docs docs\Docs.jl:243
┌ Warning: Replacing docs for `Main.TransComp.check_folder_writable :: Tuple{String}` in module `Main.TransComp`
└ @ Base.Docs docs\Docs.jl:243
┌ Warning: Replacing docs for `Main.TransComp.check_uniquness_of_ids :: Tuple{Dict, Any}` in module `Main.TransComp`
└ @ Base.Docs docs\Docs.jl:243
┌ Warning: Replacing docs for `Main.TransComp.check_correct_formats_GeographicElement :: Tuple{Dict, Any}` in module `Main.TransComp`
└ @ Base.Docs docs\Docs.jl:243
┌ Warning: Replacing docs for `Main.TransComp.check_correct_formats_FinancialStatus :: Tuple{Dict}` in module `Main.TransComp`
└ @ Base.Docs docs\Docs.jl:243
┌ Warning: Replacing docs for `Main.TransComp.check_correct_format_Mode :: Tuple{Dict, Any}` in module `Main.TransComp`
└ @ Base.Docs docs\Docs.jl:243
┌ Warning: Replacing docs for `Main.TransComp.check_correct_format_Product :: Tuple{Dict}` in module `Main.TransComp`
└ @ Base.Docs docs\Docs.jl:243
┌ Warning: Replacing docs for `Main.TransComp.check_correct_format_Path :: Tuple{Dict}` in module `Main.TransComp`
└ @ Base.Docs docs\Docs.jl:243
┌ Warning: Replacing docs for `Main.TransComp.check_correct_format_Fuel :: Tuple{Dict, Int64}` in module `Main.TransComp`
└ @ Base.Docs docs\Docs.jl:243
┌ Warning: Replacing docs for `Main.TransComp.check_correct_format_Technology :: Tuple{Dict}` in module `Main.TransComp`
└ @ Base.Docs docs\Docs.jl:243
┌ Warning: Replacing docs for `Main.TransComp.check_correct_format_InitialModeInfr :: Tuple{Dict}` in module `Main.TransComp`
└ @ Base.Docs docs\Docs.jl:243
┌ Warning: Replacing docs for `Main.TransComp.check_correct_format_Odpair :: Tuple{Dict, Int64}` in module `Main.TransComp`
└ @ Base.Docs docs\Docs.jl:243
┌ Warning: Replacing docs for `Main.TransComp.check_correct_format_Speed :: Tuple{Dict}` in module `Main.TransComp`
└ @ Base.Docs docs\Docs.jl:243
┌ Warning: Replacing docs for `Main.TransComp.validate_mandatory_breaks :: Tuple{Any, Dict}` in module `Main.TransComp`
└ @ Base.Docs docs\Docs.jl:243
┌ Error: curl_easy_setopt: 4
└ @ Downloads.Curl C:\Users\golab\AppData\Local\Programs\Julia-1.11.3\share\julia\stdlib\v1.11\Downloads\src\Curl\utils.jl:50
   Resolving package versions...
      Compat entries added for 
  No Changes to `C:\Github\SM\iDesignRES_transcompmodel\Project.toml`
  No Changes to `C:\Github\SM\iDesignRES_transcompmodel\Manifest.toml`
Precompiling project...
   3449.4 ms  ? TransComp
Constructed file path: C:\Github\SM\iDesignRES_transcompmodel\examples\moving_loads_SM\input_data\case_20251102_093733
[ Info: C:\Github\SM\iDesignRES_transcompmodel\examples\moving_loads_SM\input_data\case_20251102_093733
[ Info: ================================================================================
[ Info: Starting model run at 2025-11-02 11:21:50
[ Info: ================================================================================
[ Info: Step 1/5: Reading input data...
[ Info: Reading input data from directory: C:\Github\SM\iDesignRES_transcompmodel\examples\moving_loads_SM\input_data\case_20251102_093733
[ Info:   Loaded Model.yaml
[ Info:   Loaded TechVehicle.yaml
[ Info:   Loaded GeographicElement.yaml
[ Info:   Loaded FinancialStatus.yaml
[ Info:   Loaded Vehicletype.yaml
[ Info:   Loaded Mode.yaml
[ Info:   Loaded Technology.yaml
[ Info:   Loaded Speed.yaml
[ Info:   Loaded Regiontype.yaml
[ Info:   Loaded InitialModeInfr.yaml
[ Info:   Loaded InitialFuelInfr.yaml
[ Info:   Loaded Odpair.yaml
[ Info:   Loaded Path.yaml
[ Info:   Loaded Fuel.yaml
[ Info:   Loaded FuelCost.yaml
[ Info:   Loaded FuelingInfrTypes.yaml
[ Info:   Loaded InitialVehicleStock.yaml
[ Info:   Loaded NetworkConnectionCosts.yaml
[ Info:   Loaded Product.yaml
[ Info:   Loaded SpatialFlexibilityEdges.yaml
[ Info:   Loaded MandatoryBreaks.yaml
[ Info: ✓ Input data loaded in 5.9 seconds
[ Info: Step 2/5: Parsing data structures...
[ Info: Network connection costs data loaded: 75 entries
[ Info: Mandatory breaks data loaded: 9470 breaks defined
[ Info: Creating vehicle stock lookup dictionary (14265 entries)...
[ Info: ✓ Vehicle stock lookup dictionary created
Number of Odpairs: 20
[ Info: Building lookup dictionaries for fast O(1) access...
[ Info: ✓ Lookup dictionaries created for 75 geo elements, 2853 paths, 2 modes, 2 technologies, 2 fuels
[ Info: Pre-age sell parameter set to: false
[ Info: Temporal resolution settings:
[ Info:   time_step: 2 year(s)
[ Info:   Modeled years: 21 years from 2020 to 2060
[ Info:   Modeled generations: 26 generations from 2010 to 2060
[ Info:   Investment years: 11 years: [2020, 2024, 2028, 2032, 2036, 2040, 2044, 2048, 2052, 2056, 2060]
[ Info: ✓ Lookup dictionaries added to data_structures for model-wide O(1) access
[ Info: ✓ Data parsed in 4.59 seconds
[ Info: Step 3/5: Creating optimization model...
[ Info: Memory before model creation: 41.86 GB free
Set parameter Username
Set parameter LicenseID to value 2620283
Academic license - for non-commercial use only - expires 2026-02-10
[ Info: Creating variables. Mode: SELECTIVE: f
[ Info:   Creating flow/transport variables (f)
[ Info: Variable creation complete!
[ Info: ✓ Model created in 2.78 seconds
[ Info: Memory after model creation: 41.91 GB free
[ Info: Number of variables: 26880
[ Info: Variable breakdown by name:
[ Info:   f: 26880 variables
[ Info: Step 3.5/5: Configuring solver parameters for memory efficiency...
Set parameter NodefileStart to value 0.5
Set parameter NodefileDir to value "."
Set parameter Presolve to value 2
Set parameter MIPFocus to value 1
Set parameter Cuts to value 1
Set parameter MIPGap to value 0.01
Set parameter Threads to value 4
[ Info: ✓ Solver configured for memory-efficient solving (disk-based nodes, 30GB limit, 4 threads)
[ Info: Step 4.1/5: Adding core demand coverage constraint...
[ Info: Constraint for demand coverage created successfully
[ Info: ✓ Demand coverage constraint added in 0.57 seconds
[ Info:   Memory after: 41.9 GB free
[ Info: Step 4.5/5: Adding objective...
[ Info:   Objective: Initializing data structures...
[ Info:   Defined decision variables: f
[ Info:   Skipping variables: vot_dt, travel_time, q_mode_infr_plus, budget_penalty_yearly_plus, h_plus, q_supply_infr_plus, h, budget_penalty_yearly_minus, budget_penalty_minus, extra_break_time, detour_time, n_fueling, budget_penalty_plus, s
[2020, 2024, 2028, 2032, 2036, 2040, 2044, 2048, 2052, 2056, 2060][ Info:     ✓ Data structures ready (0.27s)
[ Info:   Objective: Building cost expression (Y=41 years, R=20 odpairs, V=2 vehicles)...
[ Info:     Year 5/41: 0.2s elapsed, ~1.5s remaining
[ Info:       VoT_DT=0.0s | Penalties=0.0s | FuelEnergy=0.0s | VehCap=0.0s | VehMaint=0.0s | FuelTime=0.0s | Intangible=0.0s | Detour=0.0s | ModeInfr=0.0s | FuelInfr=0.0s | ExtraBreak=0.0s | TravelTime=0.0s
[ Info:     Year 10/41: 0.2s elapsed, ~0.7s remaining
[ Info:       VoT_DT=0.0s | Penalties=0.0s | FuelEnergy=0.0s | VehCap=0.0s | VehMaint=0.0s | FuelTime=0.0s | Intangible=0.0s | Detour=0.0s | ModeInfr=0.0s | FuelInfr=0.0s | ExtraBreak=0.0s | TravelTime=0.0s
[ Info:     Year 15/41: 0.2s elapsed, ~0.4s remaining
[ Info:       VoT_DT=0.0s | Penalties=0.0s | FuelEnergy=0.0s | VehCap=0.0s | VehMaint=0.0s | FuelTime=0.0s | Intangible=0.0s | Detour=0.0s | ModeInfr=0.0s | FuelInfr=0.0s | ExtraBreak=0.0s | TravelTime=0.0s
[ Info:     Year 20/41: 0.2s elapsed, ~0.2s remaining
[ Info:       VoT_DT=0.0s | Penalties=0.0s | FuelEnergy=0.0s | VehCap=0.0s | VehMaint=0.0s | FuelTime=0.0s | Intangible=0.0s | Detour=0.0s | ModeInfr=0.0s | FuelInfr=0.0s | ExtraBreak=0.0s | TravelTime=0.0s
[ Info:     ✓ Cost expression built (0.25s, 0.0 minutes)
[ Info:   Objective: Setting objective in JuMP model...
[ Info:     ✓ Objective set in JuMP (0.0s)
[ Info:   ✓ Total objective function time: 0.53s (0.01 minutes)
[ Info: ✓ Objective added in 1.54 seconds
[ Info: Step 5/5: Solving optimization problem...
Set parameter NodefileDir to value "."
Set parameter Cuts to value 1
Set parameter MIPGap to value 0.01
Set parameter MIPFocus to value 1
Set parameter Threads to value 4
Set parameter NodefileStart to value 0.5
Set parameter Presolve to value 2
Gurobi Optimizer version 12.0.3 build v12.0.3rc0 (win64 - Windows 11+.0 (26200.2))

CPU model: 13th Gen Intel(R) Core(TM) i7-1370P, instruction set [SSE2|AVX|AVX2]
Thread count: 14 physical cores, 20 logical processors, using up to 4 threads

Non-default parameters:
MIPGap  0.01
MIPFocus  1
NodefileStart  0.5
Cuts  1
Presolve  2
Threads  4

Optimize a model with 420 rows, 26880 columns and 26880 nonzeros
Model fingerprint: 0xa5f29cd0
Coefficient statistics:
  Matrix range     [1e+00, 1e+00]
  Objective range  [1e+04, 3e+05]
  Bounds range     [0e+00, 0e+00]
  RHS range        [4e-01, 3e+02]
Presolve removed 420 rows and 26880 columns
Presolve time: 0.02s
Presolve: All rows and columns removed
Iteration    Objective       Primal Inf.    Dual Inf.      Time
       0    0.0000000e+00   0.000000e+00   0.000000e+00      0s

Solved in 0 iterations and 0.02 seconds (0.01 work units)
Optimal objective  0.000000000e+00

User-callback calls 39, time in user-callback 0.00 sec
[ Info: ✓ Optimization complete in 0.06 seconds

================================================================================
RUNNING DIAGNOSTICS
================================================================================
┌ Warning: Assignment to `has_vehicle_flows` in soft scope is ambiguous because a global variable by the same name exists: `has_vehicle_flows` will be treated as a new local. Disambiguate by using `local has_vehicle_flows` to suppress this warning or `global has_vehicle_flows` to assign to the existing global variable.
└ @ C:\Github\SM\iDesignRES_transcompmodel\examples\moving_loads_SM\SM.jl:215
[ Info: ================================================================================
[ Info: TIMING SUMMARY:
[ Info:   Data loading:         5.9s
[ Info:   Data parsing:         4.59s
[ Info:   Model creation:       2.78s
[ Info:   Constraint setup:
[ Info:     - Demand coverage:  0.57s
[ Info:   Objective function:   1.54s
[ Info:   Optimization:         0.06s
[ Info: ================================================================================
[ Info: Saving results to file...
[ Info: Saving results for defined variables only...
[ Info:   Saving f (flow/transport) variable...
[ Info: f_dict.yaml written successfully
[ Info: Writing constraint summary file...
[ Info: ✓ Constraint summary written to: C:\Github\SM\iDesignRES_transcompmodel\examples\moving_loads_SM\results\case_20251102_093733\case_20251102_093733_cs_2025-11-02_11-21-50_constraints_applied.txt
[ Info: ✓ Results saved successfully
