  Activating project at `C:\Github\SM\iDesignRES_transcompmodel`
┌ Warning: Replacing docs for `Main.TransComp.Node :: Union{}` in module `Main.TransComp`
└ @ Base.Docs docs\Docs.jl:243
┌ Warning: Replacing docs for `Main.TransComp.Edge :: Union{}` in module `Main.TransComp`
└ @ Base.Docs docs\Docs.jl:243
┌ Warning: Replacing docs for `Main.TransComp.GeographicElement :: Union{}` in module `Main.TransComp`
└ @ Base.Docs docs\Docs.jl:243
┌ Warning: Replacing docs for `Main.TransComp.Mode :: Union{}` in module `Main.TransComp`
└ @ Base.Docs docs\Docs.jl:243
┌ Warning: Replacing docs for `Main.TransComp.Product :: Union{}` in module `Main.TransComp`
└ @ Base.Docs docs\Docs.jl:243
┌ Warning: Replacing docs for `Main.TransComp.Path :: Union{}` in module `Main.TransComp`
└ @ Base.Docs docs\Docs.jl:243
┌ Warning: Replacing docs for `Main.TransComp.MandatoryBreak :: Union{}` in module `Main.TransComp`
└ @ Base.Docs docs\Docs.jl:243
┌ Warning: Replacing docs for `Main.TransComp.Fuel :: Union{}` in module `Main.TransComp`
└ @ Base.Docs docs\Docs.jl:243
┌ Warning: Replacing docs for `Main.TransComp.Technology :: Union{}` in module `Main.TransComp`
└ @ Base.Docs docs\Docs.jl:243
┌ Warning: Replacing docs for `Main.TransComp.FuelingInfrTypes :: Union{}` in module `Main.TransComp`
└ @ Base.Docs docs\Docs.jl:243
┌ Warning: Replacing docs for `Main.TransComp.FuelCost :: Union{}` in module `Main.TransComp`
└ @ Base.Docs docs\Docs.jl:243
┌ Warning: Replacing docs for `Main.TransComp.NetworkConnectionCosts :: Union{}` in module `Main.TransComp`
└ @ Base.Docs docs\Docs.jl:243
┌ Warning: Replacing docs for `Main.TransComp.Vehicletype :: Union{}` in module `Main.TransComp`
└ @ Base.Docs docs\Docs.jl:243
┌ Warning: Replacing docs for `Main.TransComp.TechVehicle :: Union{}` in module `Main.TransComp`
└ @ Base.Docs docs\Docs.jl:243
┌ Warning: Replacing docs for `Main.TransComp.SupplyType :: Union{}` in module `Main.TransComp`
└ @ Base.Docs docs\Docs.jl:243
┌ Warning: Replacing docs for `Main.TransComp.InitialVehicleStock :: Union{}` in module `Main.TransComp`
└ @ Base.Docs docs\Docs.jl:243
┌ Warning: Replacing docs for `Main.TransComp.FuelingInfrastructureExpansion :: Union{}` in module `Main.TransComp`
└ @ Base.Docs docs\Docs.jl:243
┌ Warning: Replacing docs for `Main.TransComp.InitialModeInfr :: Union{}` in module `Main.TransComp`
└ @ Base.Docs docs\Docs.jl:243
┌ Warning: Replacing docs for `Main.TransComp.InitialSupplyInfr :: Union{}` in module `Main.TransComp`
└ @ Base.Docs docs\Docs.jl:243
┌ Warning: Replacing docs for `Main.TransComp.InitDetourTime :: Union{}` in module `Main.TransComp`
└ @ Base.Docs docs\Docs.jl:243
┌ Warning: Replacing docs for `Main.TransComp.FinancialStatus :: Union{}` in module `Main.TransComp`
└ @ Base.Docs docs\Docs.jl:243
┌ Warning: Replacing docs for `Main.TransComp.InitialFuelingInfr :: Union{}` in module `Main.TransComp`
└ @ Base.Docs docs\Docs.jl:243
┌ Warning: Replacing docs for `Main.TransComp.Regiontype :: Union{}` in module `Main.TransComp`
└ @ Base.Docs docs\Docs.jl:243
┌ Warning: Replacing docs for `Main.TransComp.Odpair :: Union{}` in module `Main.TransComp`
└ @ Base.Docs docs\Docs.jl:243
┌ Warning: Replacing docs for `Main.TransComp.TripRatio :: Union{}` in module `Main.TransComp`
└ @ Base.Docs docs\Docs.jl:243
┌ Warning: Replacing docs for `Main.TransComp.Mode_share_max_by_year :: Union{}` in module `Main.TransComp`
└ @ Base.Docs docs\Docs.jl:243
┌ Warning: Replacing docs for `Main.TransComp.Mode_share_min_by_year :: Union{}` in module `Main.TransComp`
└ @ Base.Docs docs\Docs.jl:243
┌ Warning: Replacing docs for `Main.TransComp.Mode_share_max :: Union{}` in module `Main.TransComp`
└ @ Base.Docs docs\Docs.jl:243
┌ Warning: Replacing docs for `Main.TransComp.Mode_share_min :: Union{}` in module `Main.TransComp`
└ @ Base.Docs docs\Docs.jl:243
┌ Warning: Replacing docs for `Main.TransComp.Technology_share_max_by_year :: Union{}` in module `Main.TransComp`
└ @ Base.Docs docs\Docs.jl:243
┌ Warning: Replacing docs for `Main.TransComp.Technology_share_min_by_year :: Union{}` in module `Main.TransComp`
└ @ Base.Docs docs\Docs.jl:243
┌ Warning: Replacing docs for `Main.TransComp.Technology_share_max :: Union{}` in module `Main.TransComp`
└ @ Base.Docs docs\Docs.jl:243
┌ Warning: Replacing docs for `Main.TransComp.Technology_share_min :: Union{}` in module `Main.TransComp`
└ @ Base.Docs docs\Docs.jl:243
┌ Warning: Replacing docs for `Main.TransComp.VehicleType_share_max_by_year :: Union{}` in module `Main.TransComp`
└ @ Base.Docs docs\Docs.jl:243
┌ Warning: Replacing docs for `Main.TransComp.VehicleType_share_min_by_year :: Union{}` in module `Main.TransComp`
└ @ Base.Docs docs\Docs.jl:243
┌ Warning: Replacing docs for `Main.TransComp.VehicleType_share_max :: Union{}` in module `Main.TransComp`
└ @ Base.Docs docs\Docs.jl:243
┌ Warning: Replacing docs for `Main.TransComp.VehicleType_share_min :: Union{}` in module `Main.TransComp`
└ @ Base.Docs docs\Docs.jl:243
┌ Warning: Replacing docs for `Main.TransComp.TechVehicle_share_max_by_year :: Union{}` in module `Main.TransComp`
└ @ Base.Docs docs\Docs.jl:243
┌ Warning: Replacing docs for `Main.TransComp.TechVehicle_share_min_by_year :: Union{}` in module `Main.TransComp`
└ @ Base.Docs docs\Docs.jl:243
┌ Warning: Replacing docs for `Main.TransComp.TechVehicle_share_max :: Union{}` in module `Main.TransComp`
└ @ Base.Docs docs\Docs.jl:243
┌ Warning: Replacing docs for `Main.TransComp.TechVehicle_share_min :: Union{}` in module `Main.TransComp`
└ @ Base.Docs docs\Docs.jl:243
┌ Warning: Replacing docs for `Main.TransComp.Emission_constraints_by_mode :: Union{}` in module `Main.TransComp`
└ @ Base.Docs docs\Docs.jl:243
┌ Warning: Replacing docs for `Main.TransComp.Emission_constraints_by_year :: Union{}` in module `Main.TransComp`
└ @ Base.Docs docs\Docs.jl:243
┌ Warning: Replacing docs for `Main.TransComp.Transportation_speeds :: Union{}` in module `Main.TransComp`
└ @ Base.Docs docs\Docs.jl:243
┌ Warning: Replacing docs for `Main.TransComp.VehicleSubsidy :: Union{}` in module `Main.TransComp`
└ @ Base.Docs docs\Docs.jl:243
┌ Warning: Replacing docs for `Main.TransComp.SpatialFlexibilityEdges :: Union{}` in module `Main.TransComp`
└ @ Base.Docs docs\Docs.jl:243
┌ Warning: Replacing docs for `Main.TransComp.MandatoryBreaks :: Union{}` in module `Main.TransComp`
└ @ Base.Docs docs\Docs.jl:243
┌ Warning: Replacing docs for `Main.TransComp.check_input_file :: Tuple{String}` in module `Main.TransComp`
└ @ Base.Docs docs\Docs.jl:243
┌ Warning: Replacing docs for `Main.TransComp.check_required_keys :: Tuple{Dict, Vector{String}}` in module `Main.TransComp`
└ @ Base.Docs docs\Docs.jl:243
┌ Warning: Replacing docs for `Main.TransComp.check_model_parametrization :: Tuple{Dict, Vector{String}}` in module `Main.TransComp`
└ @ Base.Docs docs\Docs.jl:243
┌ Warning: Replacing docs for `Main.TransComp.check_required_sub_keys :: Tuple{Dict, Vector{String}, String}` in module `Main.TransComp`
└ @ Base.Docs docs\Docs.jl:243
┌ Warning: Replacing docs for `Main.TransComp.check_folder_writable :: Tuple{String}` in module `Main.TransComp`
└ @ Base.Docs docs\Docs.jl:243
┌ Warning: Replacing docs for `Main.TransComp.check_uniquness_of_ids :: Tuple{Dict, Any}` in module `Main.TransComp`
└ @ Base.Docs docs\Docs.jl:243
┌ Warning: Replacing docs for `Main.TransComp.check_correct_formats_GeographicElement :: Tuple{Dict, Any}` in module `Main.TransComp`
└ @ Base.Docs docs\Docs.jl:243
┌ Warning: Replacing docs for `Main.TransComp.check_correct_formats_FinancialStatus :: Tuple{Dict}` in module `Main.TransComp`
└ @ Base.Docs docs\Docs.jl:243
┌ Warning: Replacing docs for `Main.TransComp.check_correct_format_Mode :: Tuple{Dict, Any}` in module `Main.TransComp`
└ @ Base.Docs docs\Docs.jl:243
┌ Warning: Replacing docs for `Main.TransComp.check_correct_format_Product :: Tuple{Dict}` in module `Main.TransComp`
└ @ Base.Docs docs\Docs.jl:243
┌ Warning: Replacing docs for `Main.TransComp.check_correct_format_Path :: Tuple{Dict}` in module `Main.TransComp`
└ @ Base.Docs docs\Docs.jl:243
┌ Warning: Replacing docs for `Main.TransComp.check_correct_format_Fuel :: Tuple{Dict, Int64}` in module `Main.TransComp`
└ @ Base.Docs docs\Docs.jl:243
┌ Warning: Replacing docs for `Main.TransComp.check_correct_format_Technology :: Tuple{Dict}` in module `Main.TransComp`
└ @ Base.Docs docs\Docs.jl:243
┌ Warning: Replacing docs for `Main.TransComp.check_correct_format_InitialModeInfr :: Tuple{Dict}` in module `Main.TransComp`
└ @ Base.Docs docs\Docs.jl:243
┌ Warning: Replacing docs for `Main.TransComp.check_correct_format_Odpair :: Tuple{Dict, Int64}` in module `Main.TransComp`
└ @ Base.Docs docs\Docs.jl:243
┌ Warning: Replacing docs for `Main.TransComp.check_correct_format_Speed :: Tuple{Dict}` in module `Main.TransComp`
└ @ Base.Docs docs\Docs.jl:243
┌ Warning: Replacing docs for `Main.TransComp.validate_mandatory_breaks :: Tuple{Any, Dict}` in module `Main.TransComp`
└ @ Base.Docs docs\Docs.jl:243
┌ Error: curl_easy_setopt: 4
└ @ Downloads.Curl C:\Users\golab\AppData\Local\Programs\Julia-1.11.3\share\julia\stdlib\v1.11\Downloads\src\Curl\utils.jl:50
   Resolving package versions...
      Compat entries added for 
  No Changes to `C:\Github\SM\iDesignRES_transcompmodel\Project.toml`
  No Changes to `C:\Github\SM\iDesignRES_transcompmodel\Manifest.toml`
Precompiling project...
   3636.3 ms  ? TransComp
Constructed file path: C:\Github\SM\iDesignRES_transcompmodel\examples\moving_loads_SM\input_data\case_20251102_093733
[ Info: C:\Github\SM\iDesignRES_transcompmodel\examples\moving_loads_SM\input_data\case_20251102_093733
[ Info: ================================================================================
[ Info: Starting model run at 2025-11-02 13:23:33
[ Info: ================================================================================
[ Info: Step 1/5: Reading input data...
[ Info: Reading input data from directory: C:\Github\SM\iDesignRES_transcompmodel\examples\moving_loads_SM\input_data\case_20251102_093733
[ Info:   Loaded Model.yaml
[ Info:   Loaded TechVehicle.yaml
[ Info:   Loaded GeographicElement.yaml
[ Info:   Loaded FinancialStatus.yaml
[ Info:   Loaded Vehicletype.yaml
[ Info:   Loaded Mode.yaml
[ Info:   Loaded Technology.yaml
[ Info:   Loaded Speed.yaml
[ Info:   Loaded Regiontype.yaml
[ Info:   Loaded InitialModeInfr.yaml
[ Info:   Loaded InitialFuelInfr.yaml
[ Info:   Loaded Odpair.yaml
[ Info:   Loaded Path.yaml
[ Info:   Loaded Fuel.yaml
[ Info:   Loaded FuelCost.yaml
[ Info:   Loaded FuelingInfrTypes.yaml
[ Info:   Loaded InitialVehicleStock.yaml
[ Info:   Loaded NetworkConnectionCosts.yaml
[ Info:   Loaded Product.yaml
[ Info:   Loaded SpatialFlexibilityEdges.yaml
[ Info:   Loaded MandatoryBreaks.yaml
[ Info:   Loaded MaxModeShare.yaml
[ Info: ✓ Input data loaded in 6.08 seconds
[ Info: Step 2/5: Parsing data structures...
[ Info: Network connection costs data loaded: 75 entries
[ Info: Mandatory breaks data loaded: 9470 breaks defined
[ Info: Creating vehicle stock lookup dictionary (14265 entries)...
[ Info: ✓ Vehicle stock lookup dictionary created
Number of Odpairs: 20
[ Info: Building lookup dictionaries for fast O(1) access...
[ Info: ✓ Lookup dictionaries created for 75 geo elements, 2853 paths, 3 modes, 2 technologies, 2 fuels
[ Info: Pre-age sell parameter set to: false
[ Info: MaxModeShare constraints loaded: 21 entries
[ Info: Temporal resolution settings:
[ Info:   time_step: 2 year(s)
[ Info:   Modeled years: 21 years from 2020 to 2060
[ Info:   Modeled generations: 26 generations from 2010 to 2060
[ Info:   Investment years: 11 years: [2020, 2024, 2028, 2032, 2036, 2040, 2044, 2048, 2052, 2056, 2060]
[ Info: ✓ Lookup dictionaries added to data_structures for model-wide O(1) access
[ Info: ✓ Data parsed in 4.95 seconds
[ Info: Step 3/5: Creating optimization model...
[ Info: Memory before model creation: 39.54 GB free
Set parameter Username
Set parameter LicenseID to value 2620283
Academic license - for non-commercial use only - expires 2026-02-10
[ Info: Creating variables. Mode: SELECTIVE: f, h, h_plus, h_exist, h_minus, s, q_fuel_infr_plus, soc, travel_time, extra_break_time
[ Info:   Creating vehicle stock variables (h, h_exist, h_plus, h_minus)
[ Info:   Creating fuel infrastructure variables (q_fuel_infr_plus) - complex mode
[ Info:   Creating energy consumption variables (s) - complex mode
[ Info:   Creating state of charge variables (soc) with generation filtering (g <= y)
[ Info:   Creating travel time variables (travel_time) with generation filtering (g <= y)
[ Info:   Creating extra break time slack variables (extra_break_time) with generation filtering (g <= y)
[ Info:   Creating flow/transport variables (f)
[ Info: Variable creation complete!
[ Info: ✓ Model created in 6.13 seconds
[ Info: Memory after model creation: 39.52 GB free
[ Info: Number of variables: 591987
[ Info: Variable breakdown by name:
[ Info:   f: 26880 variables
[ Info:   h_exist: 26880 variables
[ Info:   s: 281736 variables
[ Info:   q_fuel_infr_plus: 2475 variables
[ Info:   travel_time: 57792 variables
[ Info:   h: 26880 variables
[ Info:   h_plus: 26880 variables
[ Info:   h_minus: 26880 variables
[ Info:   extra_break_time: 57792 variables
[ Info:   soc: 57792 variables
[ Info: Step 3.5/5: Configuring solver parameters for memory efficiency...
Set parameter NodefileStart to value 0.5
Set parameter NodefileDir to value "."
Set parameter Presolve to value 2
Set parameter MIPFocus to value 1
Set parameter Cuts to value 1
Set parameter MIPGap to value 0.01
Set parameter Threads to value 4
[ Info: ✓ Solver configured for memory-efficient solving (disk-based nodes, 30GB limit, 4 threads)
[ Info: Memory before constraints: 39.52 GB free
[ Info: Adding mandatory breaks constraints for 9470 breaks on 2853 paths...
[ Info: ✓ Mandatory breaks constraint added: 28896 constraints created
[ Info: ✓ Mandatory breaks constraint added in 0.44 seconds
[ Info:   Memory after: 39.48 GB free
[ Info: Step 4.3/5: Adding fueling infrastructure constraints...
[ Info: ✓ Fueling demand constraint added in 1.26 seconds
[2020, 2024, 2028, 2032, 2036, 2040, 2044, 2048, 2052, 2056, 2060]
[ Info: Pre-building p_r_k_g_by_geo dictionary for efficient filtering...
[ Info: ✓ Pre-filtering complete: 75 geo elements indexed
[ Info: ✓ Fueling infrastructure constraint added in 1.09 seconds
[ Info: ✓ Fueling infrastructure expansion shift constraint added in 0.62 seconds
[ Info: Step 4.4/5: Adding SOC constraints...
[ Info: ✓ State of charge tracking constraints added in 0.51 seconds
[ Info:   Memory after: 39.49 GB free
[ Info: ✓ State of charge max constraints added in 0.7 seconds
[ Info: ✓ Travel time tracking constraint added in 0.45 seconds
[ Info: Step 4.5/5: Adding mode shift constraint (rail blocked before 2026)...
ERROR: LoadError: UndefVarError: `r` not defined in `Main.TransComp`
Stacktrace:
  [1] macro expansion
    @ C:\Users\golab\.julia\packages\MutableArithmetics\VMS0x\src\rewrite.jl:374 [inlined]
  [2] macro expansion
    @ C:\Users\golab\.julia\packages\JuMP\N7h14\src\macros.jl:264 [inlined]
  [3] macro expansion
    @ C:\Users\golab\.julia\packages\JuMP\N7h14\src\macros\@constraint.jl:171 [inlined]
  [4] (::Main.TransComp.var"#492#496"{Set{Tuple{Int64, Int64}}, Float64, Float64, Vector{Odpair}, Int64, Int64, Model})(y::Int64, m::Mode)
    @ Main.TransComp C:\Users\golab\.julia\packages\JuMP\N7h14\src\Containers\macro.jl:559
  [5] #87
    @ C:\Users\golab\.julia\packages\JuMP\N7h14\src\Containers\container.jl:124 [inlined]
  [6] iterate
    @ .\generator.jl:48 [inlined]
  [7] collect(itr::Base.Generator{JuMP.Containers.VectorizedProductIterator{Tuple{Vector{Int64}, Vector{Mode}}}, JuMP.Containers.var"#87#89"{Main.TransComp.var"#492#496"{Set{Tuple{Int64, Int64}}, Float64, Float64, Vector{Odpair}, Int64, Int64, Model}}})
    @ Base .\array.jl:791
  [8] map(f::Function, A::JuMP.Containers.VectorizedProductIterator{Tuple{Vector{Int64}, Vector{Mode}}})
    @ Base .\abstractarray.jl:3399
  [9] container(f::Function, indices::JuMP.Containers.VectorizedProductIterator{Tuple{Vector{Int64}, Vector{Mode}}}, ::Type{JuMP.Containers.DenseAxisArray}, names::Vector{Any})
    @ JuMP.Containers C:\Users\golab\.julia\packages\JuMP\N7h14\src\Containers\container.jl:123
 [10] container(f::Function, indices::JuMP.Containers.VectorizedProductIterator{Tuple{Vector{Int64}, Vector{Mode}}}, ::Type{JuMP.Containers.AutoContainerType}, names::Vector{Any})
    @ JuMP.Containers C:\Users\golab\.julia\packages\JuMP\N7h14\src\Containers\container.jl:75
 [11] macro expansion
    @ C:\Users\golab\.julia\packages\JuMP\N7h14\src\macros.jl:402 [inlined]
 [12] constraint_mode_shift(model::Model, data_structures::Dict{String, Any})
    @ Main.TransComp C:\Github\SM\iDesignRES_transcompmodel\src\model_functions.jl:1785
 [13] top-level scope
    @ C:\Github\SM\iDesignRES_transcompmodel\examples\moving_loads_SM\SM.jl:143
in expression starting at C:\Github\SM\iDesignRES_transcompmodel\examples\moving_loads_SM\SM.jl:143
